[ 2019-05-04T10:25:20+08:00 ] 192.168.0.190 /
INFO: [ app_init ] --START--
INFO: Run Behavior\BuildLiteBehavior [ RunTime:0.000017s ]
INFO: [ app_init ] --END-- [ RunTime:0.000576s ]
NOTIC: [8] Use of undefined constant SELLER_ID - assumed 'SELLER_ID' D:\wamp\www\chanyeyuan\Admin\ThinkPHP\Library\Org\Api\ServiceProxy.class.php 第 277 行.
NOTIC: [8] Use of undefined constant SHOP_ID - assumed 'SHOP_ID' D:\wamp\www\chanyeyuan\Admin\ThinkPHP\Library\Org\Api\ServiceProxy.class.php 第 278 行.
NOTIC: [8] Undefined index: site_url D:\wamp\www\chanyeyuan\Admin\App\Common\Common\function.php 第 35 行.
NOTIC: [8] Undefined index: site_url D:\wamp\www\chanyeyuan\Admin\App\Common\Common\function.php 第 35 行.
NOTIC: [2] Yar_Client::setOpt(): expects a long integer timeout value D:\wamp\www\chanyeyuan\Admin\ThinkPHP\Library\Org\Api\ServiceProxy.class.php 第 670 行.
NOTIC: [2] Yar_Client::setOpt(): expects a long integer timeout value D:\wamp\www\chanyeyuan\Admin\ThinkPHP\Library\Org\Api\ServiceProxy.class.php 第 670 行.
NOTIC: [8] Undefined index: site_url D:\wamp\www\chanyeyuan\Admin\App\Common\Common\function.php 第 35 行.
NOTIC: [8] Undefined index: shop_url D:\wamp\www\chanyeyuan\Admin\ThinkPHP\Library\Org\Api\ServiceProxy.class.php 第 403 行.
NOTIC: [8] Undefined index: platform_domain D:\wamp\www\chanyeyuan\Admin\ThinkPHP\Library\Org\Api\ServiceProxy.class.php 第 404 行.
NOTIC: [8] Undefined index: site_url D:\wamp\www\chanyeyuan\Admin\App\Common\Common\function.php 第 35 行.
NOTIC: [8] Undefined index: TOKEN D:\wamp\www\chanyeyuan\Admin\App\Common\Conf\siteInfo.php 第 19 行.
INFO: [ app_begin ] --START--
INFO: Run Behavior\ReadHtmlCacheBehavior [ RunTime:0.001027s ]
INFO: [ app_begin ] --END-- [ RunTime:0.001106s ]
INFO: [ view_parse ] --START--
INFO: [ template_filter ] --START--
INFO: Run Behavior\ContentReplaceBehavior [ RunTime:0.000054s ]
INFO: [ template_filter ] --END-- [ RunTime:0.000125s ]
INFO: Run Behavior\ParseTemplateBehavior [ RunTime:0.006075s ]
INFO: [ view_parse ] --END-- [ RunTime:0.006149s ]
INFO: [ view_filter ] --START--
INFO: Run Behavior\WriteHtmlCacheBehavior [ RunTime:0.000951s ]
INFO: [ view_filter ] --END-- [ RunTime:0.001019s ]
INFO: [ app_end ] --START--
INFO: Run Behavior\ShowPageTraceBehavior [ RunTime:0.001086s ]
INFO: [ app_end ] --END-- [ RunTime:0.001157s ]

[ 2019-05-04T10:25:20+08:00 ] 192.168.0.190 /favicon.ico
INFO: [ app_init ] --START--
INFO: Run Behavior\BuildLiteBehavior [ RunTime:0.000017s ]
INFO: [ app_init ] --END-- [ RunTime:0.000560s ]
NOTIC: [8] Use of undefined constant SELLER_ID - assumed 'SELLER_ID' D:\wamp\www\chanyeyuan\Admin\ThinkPHP\Library\Org\Api\ServiceProxy.class.php 第 277 行.
NOTIC: [8] Use of undefined constant SHOP_ID - assumed 'SHOP_ID' D:\wamp\www\chanyeyuan\Admin\ThinkPHP\Library\Org\Api\ServiceProxy.class.php 第 278 行.
NOTIC: [8] Undefined index: site_url D:\wamp\www\chanyeyuan\Admin\App\Common\Common\function.php 第 35 行.
NOTIC: [8] Undefined index: site_url D:\wamp\www\chanyeyuan\Admin\App\Common\Common\function.php 第 35 行.
NOTIC: [2] Yar_Client::setOpt(): expects a long integer timeout value D:\wamp\www\chanyeyuan\Admin\ThinkPHP\Library\Org\Api\ServiceProxy.class.php 第 670 行.
NOTIC: [2] Yar_Client::setOpt(): expects a long integer timeout value D:\wamp\www\chanyeyuan\Admin\ThinkPHP\Library\Org\Api\ServiceProxy.class.php 第 670 行.
NOTIC: [8] Undefined index: site_url D:\wamp\www\chanyeyuan\Admin\App\Common\Common\function.php 第 35 行.
NOTIC: [8] Undefined index: shop_url D:\wamp\www\chanyeyuan\Admin\ThinkPHP\Library\Org\Api\ServiceProxy.class.php 第 403 行.
NOTIC: [8] Undefined index: platform_domain D:\wamp\www\chanyeyuan\Admin\ThinkPHP\Library\Org\Api\ServiceProxy.class.php 第 404 行.
NOTIC: [8] Undefined index: site_url D:\wamp\www\chanyeyuan\Admin\App\Common\Common\function.php 第 35 行.
NOTIC: [8] Undefined index: TOKEN D:\wamp\www\chanyeyuan\Admin\App\Common\Conf\siteInfo.php 第 19 行.

[ 2019-05-04T10:25:27+08:00 ] 192.168.0.190 /businessservicecategory/businessservicecategory/businessservicecategorybanneradd
INFO: [ app_init ] --START--
INFO: Run Behavior\BuildLiteBehavior [ RunTime:0.000022s ]
INFO: [ app_init ] --END-- [ RunTime:0.000516s ]
NOTIC: [8] Use of undefined constant SELLER_ID - assumed 'SELLER_ID' D:\wamp\www\chanyeyuan\Admin\ThinkPHP\Library\Org\Api\ServiceProxy.class.php 第 277 行.
NOTIC: [8] Use of undefined constant SHOP_ID - assumed 'SHOP_ID' D:\wamp\www\chanyeyuan\Admin\ThinkPHP\Library\Org\Api\ServiceProxy.class.php 第 278 行.
NOTIC: [8] Undefined index: site_url D:\wamp\www\chanyeyuan\Admin\App\Common\Common\function.php 第 35 行.
NOTIC: [8] Undefined index: site_url D:\wamp\www\chanyeyuan\Admin\App\Common\Common\function.php 第 35 行.
NOTIC: [2] Yar_Client::setOpt(): expects a long integer timeout value D:\wamp\www\chanyeyuan\Admin\ThinkPHP\Library\Org\Api\ServiceProxy.class.php 第 670 行.
NOTIC: [2] Yar_Client::setOpt(): expects a long integer timeout value D:\wamp\www\chanyeyuan\Admin\ThinkPHP\Library\Org\Api\ServiceProxy.class.php 第 670 行.
NOTIC: [8] Undefined index: site_url D:\wamp\www\chanyeyuan\Admin\App\Common\Common\function.php 第 35 行.
NOTIC: [8] Undefined index: shop_url D:\wamp\www\chanyeyuan\Admin\ThinkPHP\Library\Org\Api\ServiceProxy.class.php 第 403 行.
NOTIC: [8] Undefined index: platform_domain D:\wamp\www\chanyeyuan\Admin\ThinkPHP\Library\Org\Api\ServiceProxy.class.php 第 404 行.
NOTIC: [8] Undefined index: site_url D:\wamp\www\chanyeyuan\Admin\App\Common\Common\function.php 第 35 行.
NOTIC: [8] Undefined index: TOKEN D:\wamp\www\chanyeyuan\Admin\App\Common\Conf\siteInfo.php 第 19 行.
INFO: [ app_begin ] --START--
INFO: Run Behavior\ReadHtmlCacheBehavior [ RunTime:0.000610s ]
INFO: [ app_begin ] --END-- [ RunTime:0.000691s ]
ERR: 无法加载控制器:Businessservicecategory

[ 2019-05-04T10:25:59+08:00 ] 192.168.0.190 /index.php/businessservicecategory/businessservicecategory/businessservicecategorybanneradd
INFO: [ app_init ] --START--
INFO: Run Behavior\BuildLiteBehavior [ RunTime:0.000021s ]
INFO: [ app_init ] --END-- [ RunTime:0.000466s ]
NOTIC: [8] Use of undefined constant SELLER_ID - assumed 'SELLER_ID' D:\wamp\www\chanyeyuan\Admin\ThinkPHP\Library\Org\Api\ServiceProxy.class.php 第 277 行.
NOTIC: [8] Use of undefined constant SHOP_ID - assumed 'SHOP_ID' D:\wamp\www\chanyeyuan\Admin\ThinkPHP\Library\Org\Api\ServiceProxy.class.php 第 278 行.
NOTIC: [8] Undefined index: site_url D:\wamp\www\chanyeyuan\Admin\App\Common\Common\function.php 第 35 行.
NOTIC: [8] Undefined index: site_url D:\wamp\www\chanyeyuan\Admin\App\Common\Common\function.php 第 35 行.
NOTIC: [2] Yar_Client::setOpt(): expects a long integer timeout value D:\wamp\www\chanyeyuan\Admin\ThinkPHP\Library\Org\Api\ServiceProxy.class.php 第 670 行.
NOTIC: [2] Yar_Client::setOpt(): expects a long integer timeout value D:\wamp\www\chanyeyuan\Admin\ThinkPHP\Library\Org\Api\ServiceProxy.class.php 第 670 行.
NOTIC: [8] Undefined index: site_url D:\wamp\www\chanyeyuan\Admin\App\Common\Common\function.php 第 35 行.
NOTIC: [8] Undefined index: shop_url D:\wamp\www\chanyeyuan\Admin\ThinkPHP\Library\Org\Api\ServiceProxy.class.php 第 403 行.
NOTIC: [8] Undefined index: platform_domain D:\wamp\www\chanyeyuan\Admin\ThinkPHP\Library\Org\Api\ServiceProxy.class.php 第 404 行.
NOTIC: [8] Undefined index: site_url D:\wamp\www\chanyeyuan\Admin\App\Common\Common\function.php 第 35 行.
NOTIC: [8] Undefined index: TOKEN D:\wamp\www\chanyeyuan\Admin\App\Common\Conf\siteInfo.php 第 19 行.
INFO: [ app_begin ] --START--
INFO: Run Behavior\ReadHtmlCacheBehavior [ RunTime:0.000697s ]
INFO: [ app_begin ] --END-- [ RunTime:0.000775s ]
ERR: 无法加载控制器:Businessservicecategory

[ 2019-05-04T10:26:10+08:00 ] 192.168.0.190 /index.php?s=businessservicecategory/businessservicecategory/businessservicecategorybanneradd
INFO: [ app_init ] --START--
INFO: Run Behavior\BuildLiteBehavior [ RunTime:0.000017s ]
INFO: [ app_init ] --END-- [ RunTime:0.000476s ]
NOTIC: [8] Use of undefined constant SELLER_ID - assumed 'SELLER_ID' D:\wamp\www\chanyeyuan\Admin\ThinkPHP\Library\Org\Api\ServiceProxy.class.php 第 277 行.
NOTIC: [8] Use of undefined constant SHOP_ID - assumed 'SHOP_ID' D:\wamp\www\chanyeyuan\Admin\ThinkPHP\Library\Org\Api\ServiceProxy.class.php 第 278 行.
NOTIC: [8] Undefined index: site_url D:\wamp\www\chanyeyuan\Admin\App\Common\Common\function.php 第 35 行.
NOTIC: [8] Undefined index: site_url D:\wamp\www\chanyeyuan\Admin\App\Common\Common\function.php 第 35 行.
NOTIC: [2] Yar_Client::setOpt(): expects a long integer timeout value D:\wamp\www\chanyeyuan\Admin\ThinkPHP\Library\Org\Api\ServiceProxy.class.php 第 670 行.
NOTIC: [2] Yar_Client::setOpt(): expects a long integer timeout value D:\wamp\www\chanyeyuan\Admin\ThinkPHP\Library\Org\Api\ServiceProxy.class.php 第 670 行.
NOTIC: [8] Undefined index: site_url D:\wamp\www\chanyeyuan\Admin\App\Common\Common\function.php 第 35 行.
NOTIC: [8] Undefined index: shop_url D:\wamp\www\chanyeyuan\Admin\ThinkPHP\Library\Org\Api\ServiceProxy.class.php 第 403 行.
NOTIC: [8] Undefined index: platform_domain D:\wamp\www\chanyeyuan\Admin\ThinkPHP\Library\Org\Api\ServiceProxy.class.php 第 404 行.
NOTIC: [8] Undefined index: site_url D:\wamp\www\chanyeyuan\Admin\App\Common\Common\function.php 第 35 行.
NOTIC: [8] Undefined index: TOKEN D:\wamp\www\chanyeyuan\Admin\App\Common\Conf\siteInfo.php 第 19 行.
INFO: [ app_begin ] --START--
INFO: Run Behavior\ReadHtmlCacheBehavior [ RunTime:0.000666s ]
INFO: [ app_begin ] --END-- [ RunTime:0.000744s ]
ERR: 无法加载控制器:Businessservicecategory

[ 2019-05-04T10:26:43+08:00 ] 192.168.0.190 /index.php?s=businessservice/businessservicecategory/businessservicecategorybanneradd
INFO: [ app_init ] --START--
INFO: Run Behavior\BuildLiteBehavior [ RunTime:0.000016s ]
INFO: [ app_init ] --END-- [ RunTime:0.000410s ]
NOTIC: [8] Use of undefined constant SELLER_ID - assumed 'SELLER_ID' D:\wamp\www\chanyeyuan\Admin\ThinkPHP\Library\Org\Api\ServiceProxy.class.php 第 277 行.
NOTIC: [8] Use of undefined constant SHOP_ID - assumed 'SHOP_ID' D:\wamp\www\chanyeyuan\Admin\ThinkPHP\Library\Org\Api\ServiceProxy.class.php 第 278 行.
NOTIC: [8] Undefined index: site_url D:\wamp\www\chanyeyuan\Admin\App\Common\Common\function.php 第 35 行.
NOTIC: [8] Undefined index: site_url D:\wamp\www\chanyeyuan\Admin\App\Common\Common\function.php 第 35 行.
NOTIC: [2] Yar_Client::setOpt(): expects a long integer timeout value D:\wamp\www\chanyeyuan\Admin\ThinkPHP\Library\Org\Api\ServiceProxy.class.php 第 670 行.
NOTIC: [2] Yar_Client::setOpt(): expects a long integer timeout value D:\wamp\www\chanyeyuan\Admin\ThinkPHP\Library\Org\Api\ServiceProxy.class.php 第 670 行.
NOTIC: [8] Undefined index: site_url D:\wamp\www\chanyeyuan\Admin\App\Common\Common\function.php 第 35 行.
NOTIC: [8] Undefined index: shop_url D:\wamp\www\chanyeyuan\Admin\ThinkPHP\Library\Org\Api\ServiceProxy.class.php 第 403 行.
NOTIC: [8] Undefined index: platform_domain D:\wamp\www\chanyeyuan\Admin\ThinkPHP\Library\Org\Api\ServiceProxy.class.php 第 404 行.
NOTIC: [8] Undefined index: site_url D:\wamp\www\chanyeyuan\Admin\App\Common\Common\function.php 第 35 行.
NOTIC: [8] Undefined index: TOKEN D:\wamp\www\chanyeyuan\Admin\App\Common\Conf\siteInfo.php 第 19 行.
INFO: [ app_begin ] --START--
INFO: Run Behavior\ReadHtmlCacheBehavior [ RunTime:0.000612s ]
INFO: [ app_begin ] --END-- [ RunTime:0.000691s ]
ERR: 无法加载控制器:Businessservice

[ 2019-05-04T10:26:53+08:00 ] 192.168.0.190 /index.php?s=businessService/businessservicecategory/businessservicecategorybanneradd
INFO: [ app_init ] --START--
INFO: Run Behavior\BuildLiteBehavior [ RunTime:0.000023s ]
INFO: [ app_init ] --END-- [ RunTime:0.000544s ]
NOTIC: [8] Use of undefined constant SELLER_ID - assumed 'SELLER_ID' D:\wamp\www\chanyeyuan\Admin\ThinkPHP\Library\Org\Api\ServiceProxy.class.php 第 277 行.
NOTIC: [8] Use of undefined constant SHOP_ID - assumed 'SHOP_ID' D:\wamp\www\chanyeyuan\Admin\ThinkPHP\Library\Org\Api\ServiceProxy.class.php 第 278 行.
NOTIC: [8] Undefined index: site_url D:\wamp\www\chanyeyuan\Admin\App\Common\Common\function.php 第 35 行.
NOTIC: [8] Undefined index: site_url D:\wamp\www\chanyeyuan\Admin\App\Common\Common\function.php 第 35 行.
NOTIC: [2] Yar_Client::setOpt(): expects a long integer timeout value D:\wamp\www\chanyeyuan\Admin\ThinkPHP\Library\Org\Api\ServiceProxy.class.php 第 670 行.
NOTIC: [2] Yar_Client::setOpt(): expects a long integer timeout value D:\wamp\www\chanyeyuan\Admin\ThinkPHP\Library\Org\Api\ServiceProxy.class.php 第 670 行.
NOTIC: [8] Undefined index: site_url D:\wamp\www\chanyeyuan\Admin\App\Common\Common\function.php 第 35 行.
NOTIC: [8] Undefined index: shop_url D:\wamp\www\chanyeyuan\Admin\ThinkPHP\Library\Org\Api\ServiceProxy.class.php 第 403 行.
NOTIC: [8] Undefined index: platform_domain D:\wamp\www\chanyeyuan\Admin\ThinkPHP\Library\Org\Api\ServiceProxy.class.php 第 404 行.
NOTIC: [8] Undefined index: site_url D:\wamp\www\chanyeyuan\Admin\App\Common\Common\function.php 第 35 行.
NOTIC: [8] Undefined index: TOKEN D:\wamp\www\chanyeyuan\Admin\App\Common\Conf\siteInfo.php 第 19 行.
INFO: [ app_begin ] --START--
INFO: Run Behavior\ReadHtmlCacheBehavior [ RunTime:0.001386s ]
INFO: [ app_begin ] --END-- [ RunTime:0.001500s ]

[ 2019-05-04T10:27:25+08:00 ] 192.168.0.190 /u/get_user_info
INFO: [ app_init ] --START--
INFO: Run Behavior\BuildLiteBehavior [ RunTime:0.000016s ]
INFO: [ app_init ] --END-- [ RunTime:0.000482s ]
NOTIC: [8] Use of undefined constant SELLER_ID - assumed 'SELLER_ID' D:\wamp\www\chanyeyuan\Admin\ThinkPHP\Library\Org\Api\ServiceProxy.class.php 第 277 行.
NOTIC: [8] Use of undefined constant SHOP_ID - assumed 'SHOP_ID' D:\wamp\www\chanyeyuan\Admin\ThinkPHP\Library\Org\Api\ServiceProxy.class.php 第 278 行.
NOTIC: [8] Undefined index: site_url D:\wamp\www\chanyeyuan\Admin\App\Common\Common\function.php 第 35 行.
NOTIC: [8] Undefined index: site_url D:\wamp\www\chanyeyuan\Admin\App\Common\Common\function.php 第 35 行.
NOTIC: [2] Yar_Client::setOpt(): expects a long integer timeout value D:\wamp\www\chanyeyuan\Admin\ThinkPHP\Library\Org\Api\ServiceProxy.class.php 第 670 行.
NOTIC: [2] Yar_Client::setOpt(): expects a long integer timeout value D:\wamp\www\chanyeyuan\Admin\ThinkPHP\Library\Org\Api\ServiceProxy.class.php 第 670 行.
NOTIC: [8] Undefined index: site_url D:\wamp\www\chanyeyuan\Admin\App\Common\Common\function.php 第 35 行.
NOTIC: [8] Undefined index: shop_url D:\wamp\www\chanyeyuan\Admin\ThinkPHP\Library\Org\Api\ServiceProxy.class.php 第 403 行.
NOTIC: [8] Undefined index: platform_domain D:\wamp\www\chanyeyuan\Admin\ThinkPHP\Library\Org\Api\ServiceProxy.class.php 第 404 行.
NOTIC: [8] Undefined index: site_url D:\wamp\www\chanyeyuan\Admin\App\Common\Common\function.php 第 35 行.
NOTIC: [8] Undefined index: TOKEN D:\wamp\www\chanyeyuan\Admin\App\Common\Conf\siteInfo.php 第 19 行.
INFO: [ app_begin ] --START--
INFO: Run Behavior\ReadHtmlCacheBehavior [ RunTime:0.000679s ]
INFO: [ app_begin ] --END-- [ RunTime:0.000759s ]
NOTIC: [8] Undefined index: site_url D:\wamp\www\chanyeyuan\Admin\App\Common\Common\function.php 第 35 行.
NOTIC: [2] Yar_Client::setOpt(): expects a long integer timeout value D:\wamp\www\chanyeyuan\Admin\ThinkPHP\Library\Org\Api\ServiceProxy.class.php 第 670 行.
NOTIC: [8] Use of undefined constant json - assumed 'json' D:\wamp\www\chanyeyuan\Admin\App\Home\Controller\UserController.class.php 第 111 行.
NOTIC: [2] Cannot modify header information - headers already sent by (output started at D:\wamp\www\chanyeyuan\Admin\ThinkPHP\Library\Org\Api\ServiceProxy.class.php:988) D:\wamp\www\chanyeyuan\Admin\ThinkPHP\Library\Think\Controller.class.php 第 227 行.

[ 2019-05-04T10:29:52+08:00 ] 192.168.0.190 /u/get_user_info
INFO: [ app_init ] --START--
INFO: Run Behavior\BuildLiteBehavior [ RunTime:0.000051s ]
INFO: [ app_init ] --END-- [ RunTime:0.000894s ]
NOTIC: [8] Use of undefined constant SELLER_ID - assumed 'SELLER_ID' D:\wamp\www\chanyeyuan\Admin\ThinkPHP\Library\Org\Api\ServiceProxy.class.php 第 277 行.
NOTIC: [8] Use of undefined constant SHOP_ID - assumed 'SHOP_ID' D:\wamp\www\chanyeyuan\Admin\ThinkPHP\Library\Org\Api\ServiceProxy.class.php 第 278 行.
NOTIC: [8] Undefined index: site_url D:\wamp\www\chanyeyuan\Admin\App\Common\Common\function.php 第 35 行.
NOTIC: [8] Undefined index: site_url D:\wamp\www\chanyeyuan\Admin\App\Common\Common\function.php 第 35 行.
NOTIC: [2] Yar_Client::setOpt(): expects a long integer timeout value D:\wamp\www\chanyeyuan\Admin\ThinkPHP\Library\Org\Api\ServiceProxy.class.php 第 670 行.
NOTIC: [2] Yar_Client::setOpt(): expects a long integer timeout value D:\wamp\www\chanyeyuan\Admin\ThinkPHP\Library\Org\Api\ServiceProxy.class.php 第 670 行.
NOTIC: [8] Undefined index: site_url D:\wamp\www\chanyeyuan\Admin\App\Common\Common\function.php 第 35 行.
NOTIC: [8] Undefined index: shop_url D:\wamp\www\chanyeyuan\Admin\ThinkPHP\Library\Org\Api\ServiceProxy.class.php 第 403 行.
NOTIC: [8] Undefined index: platform_domain D:\wamp\www\chanyeyuan\Admin\ThinkPHP\Library\Org\Api\ServiceProxy.class.php 第 404 行.
NOTIC: [8] Undefined index: site_url D:\wamp\www\chanyeyuan\Admin\App\Common\Common\function.php 第 35 行.
NOTIC: [8] Undefined index: TOKEN D:\wamp\www\chanyeyuan\Admin\App\Common\Conf\siteInfo.php 第 19 行.
INFO: [ app_begin ] --START--
INFO: Run Behavior\ReadHtmlCacheBehavior [ RunTime:0.000588s ]
INFO: [ app_begin ] --END-- [ RunTime:0.000667s ]
NOTIC: [8] Undefined index: site_url D:\wamp\www\chanyeyuan\Admin\App\Common\Common\function.php 第 35 行.
NOTIC: [2] Yar_Client::setOpt(): expects a long integer timeout value D:\wamp\www\chanyeyuan\Admin\ThinkPHP\Library\Org\Api\ServiceProxy.class.php 第 670 行.
NOTIC: [8] Use of undefined constant json - assumed 'json' D:\wamp\www\chanyeyuan\Admin\App\Home\Controller\UserController.class.php 第 111 行.

[ 2019-05-04T10:30:29+08:00 ] 192.168.0.190 /u/get_user_info
INFO: [ app_init ] --START--
INFO: Run Behavior\BuildLiteBehavior [ RunTime:0.000022s ]
INFO: [ app_init ] --END-- [ RunTime:0.000510s ]
NOTIC: [8] Use of undefined constant SELLER_ID - assumed 'SELLER_ID' D:\wamp\www\chanyeyuan\Admin\ThinkPHP\Library\Org\Api\ServiceProxy.class.php 第 277 行.
NOTIC: [8] Use of undefined constant SHOP_ID - assumed 'SHOP_ID' D:\wamp\www\chanyeyuan\Admin\ThinkPHP\Library\Org\Api\ServiceProxy.class.php 第 278 行.
NOTIC: [2] Yar_Client::setOpt(): expects a long integer timeout value D:\wamp\www\chanyeyuan\Admin\ThinkPHP\Library\Org\Api\ServiceProxy.class.php 第 670 行.
NOTIC: [2] Yar_Client::setOpt(): expects a long integer timeout value D:\wamp\www\chanyeyuan\Admin\ThinkPHP\Library\Org\Api\ServiceProxy.class.php 第 670 行.
NOTIC: [8] Undefined index: shop_url D:\wamp\www\chanyeyuan\Admin\ThinkPHP\Library\Org\Api\ServiceProxy.class.php 第 403 行.
NOTIC: [8] Undefined index: platform_domain D:\wamp\www\chanyeyuan\Admin\ThinkPHP\Library\Org\Api\ServiceProxy.class.php 第 404 行.
NOTIC: [8] Undefined index: TOKEN D:\wamp\www\chanyeyuan\Admin\App\Common\Conf\siteInfo.php 第 19 行.
INFO: [ app_begin ] --START--
INFO: Run Behavior\ReadHtmlCacheBehavior [ RunTime:0.000594s ]
INFO: [ app_begin ] --END-- [ RunTime:0.000674s ]
NOTIC: [2] Yar_Client::setOpt(): expects a long integer timeout value D:\wamp\www\chanyeyuan\Admin\ThinkPHP\Library\Org\Api\ServiceProxy.class.php 第 670 行.
NOTIC: [8] Use of undefined constant json - assumed 'json' D:\wamp\www\chanyeyuan\Admin\App\Home\Controller\UserController.class.php 第 111 行.

[ 2019-05-04T10:31:27+08:00 ] 192.168.0.190 /u/get_user_info
INFO: [ app_init ] --START--
INFO: Run Behavior\BuildLiteBehavior [ RunTime:0.000018s ]
INFO: [ app_init ] --END-- [ RunTime:0.000550s ]
NOTIC: [8] Use of undefined constant SELLER_ID - assumed 'SELLER_ID' D:\wamp\www\chanyeyuan\Admin\ThinkPHP\Library\Org\Api\ServiceProxy.class.php 第 277 行.
NOTIC: [8] Use of undefined constant SHOP_ID - assumed 'SHOP_ID' D:\wamp\www\chanyeyuan\Admin\ThinkPHP\Library\Org\Api\ServiceProxy.class.php 第 278 行.
NOTIC: [2] Yar_Client::setOpt(): expects a long integer timeout value D:\wamp\www\chanyeyuan\Admin\ThinkPHP\Library\Org\Api\ServiceProxy.class.php 第 670 行.
NOTIC: [2] Yar_Client::setOpt(): expects a long integer timeout value D:\wamp\www\chanyeyuan\Admin\ThinkPHP\Library\Org\Api\ServiceProxy.class.php 第 670 行.
NOTIC: [8] Undefined index: shop_url D:\wamp\www\chanyeyuan\Admin\ThinkPHP\Library\Org\Api\ServiceProxy.class.php 第 403 行.
NOTIC: [8] Undefined index: platform_domain D:\wamp\www\chanyeyuan\Admin\ThinkPHP\Library\Org\Api\ServiceProxy.class.php 第 404 行.
NOTIC: [8] Undefined index: TOKEN D:\wamp\www\chanyeyuan\Admin\App\Common\Conf\siteInfo.php 第 19 行.
INFO: [ app_begin ] --START--
INFO: Run Behavior\ReadHtmlCacheBehavior [ RunTime:0.000543s ]
INFO: [ app_begin ] --END-- [ RunTime:0.000624s ]
NOTIC: [2] Yar_Client::setOpt(): expects a long integer timeout value D:\wamp\www\chanyeyuan\Admin\ThinkPHP\Library\Org\Api\ServiceProxy.class.php 第 670 行.
NOTIC: [8] Undefined index: isSuper D:\wamp\www\chanyeyuan\Admin\App\Home\Controller\UserController.class.php 第 100 行.
NOTIC: [8] Undefined index: currentsectionId D:\wamp\www\chanyeyuan\Admin\App\Home\Controller\UserController.class.php 第 105 行.
NOTIC: [8] Use of undefined constant json - assumed 'json' D:\wamp\www\chanyeyuan\Admin\App\Home\Controller\UserController.class.php 第 111 行.

[ 2019-05-04T10:31:31+08:00 ] 192.168.0.190 /index.php?s=businessService/businessservicecategory/businessservicecategorybanneradd
INFO: [ app_init ] --START--
INFO: Run Behavior\BuildLiteBehavior [ RunTime:0.000020s ]
INFO: [ app_init ] --END-- [ RunTime:0.000501s ]
NOTIC: [8] Use of undefined constant SELLER_ID - assumed 'SELLER_ID' D:\wamp\www\chanyeyuan\Admin\ThinkPHP\Library\Org\Api\ServiceProxy.class.php 第 277 行.
NOTIC: [8] Use of undefined constant SHOP_ID - assumed 'SHOP_ID' D:\wamp\www\chanyeyuan\Admin\ThinkPHP\Library\Org\Api\ServiceProxy.class.php 第 278 行.
NOTIC: [8] Undefined index: site_url D:\wamp\www\chanyeyuan\Admin\App\Common\Common\function.php 第 35 行.
NOTIC: [8] Undefined index: site_url D:\wamp\www\chanyeyuan\Admin\App\Common\Common\function.php 第 35 行.
NOTIC: [2] Yar_Client::setOpt(): expects a long integer timeout value D:\wamp\www\chanyeyuan\Admin\ThinkPHP\Library\Org\Api\ServiceProxy.class.php 第 670 行.
NOTIC: [2] Yar_Client::setOpt(): expects a long integer timeout value D:\wamp\www\chanyeyuan\Admin\ThinkPHP\Library\Org\Api\ServiceProxy.class.php 第 670 行.
NOTIC: [8] Undefined index: site_url D:\wamp\www\chanyeyuan\Admin\App\Common\Common\function.php 第 35 行.
NOTIC: [8] Undefined index: shop_url D:\wamp\www\chanyeyuan\Admin\ThinkPHP\Library\Org\Api\ServiceProxy.class.php 第 403 行.
NOTIC: [8] Undefined index: platform_domain D:\wamp\www\chanyeyuan\Admin\ThinkPHP\Library\Org\Api\ServiceProxy.class.php 第 404 行.
NOTIC: [8] Undefined index: site_url D:\wamp\www\chanyeyuan\Admin\App\Common\Common\function.php 第 35 行.
NOTIC: [8] Undefined index: TOKEN D:\wamp\www\chanyeyuan\Admin\App\Common\Conf\siteInfo.php 第 19 行.
INFO: [ app_begin ] --START--
INFO: Run Behavior\ReadHtmlCacheBehavior [ RunTime:0.000570s ]
INFO: [ app_begin ] --END-- [ RunTime:0.000650s ]
ERR: 非法操作:businessservicecategory

[ 2019-05-04T10:32:24+08:00 ] 192.168.0.190 /index.php?s=businessService/add_save_category_banner/businessservicecategorybanneradd
INFO: [ app_init ] --START--
INFO: Run Behavior\BuildLiteBehavior [ RunTime:0.000015s ]
INFO: [ app_init ] --END-- [ RunTime:0.000460s ]
NOTIC: [8] Use of undefined constant SELLER_ID - assumed 'SELLER_ID' D:\wamp\www\chanyeyuan\Admin\ThinkPHP\Library\Org\Api\ServiceProxy.class.php 第 277 行.
NOTIC: [8] Use of undefined constant SHOP_ID - assumed 'SHOP_ID' D:\wamp\www\chanyeyuan\Admin\ThinkPHP\Library\Org\Api\ServiceProxy.class.php 第 278 行.
NOTIC: [8] Undefined index: site_url D:\wamp\www\chanyeyuan\Admin\App\Common\Common\function.php 第 35 行.
NOTIC: [8] Undefined index: site_url D:\wamp\www\chanyeyuan\Admin\App\Common\Common\function.php 第 35 行.
NOTIC: [2] Yar_Client::setOpt(): expects a long integer timeout value D:\wamp\www\chanyeyuan\Admin\ThinkPHP\Library\Org\Api\ServiceProxy.class.php 第 670 行.
NOTIC: [2] Yar_Client::setOpt(): expects a long integer timeout value D:\wamp\www\chanyeyuan\Admin\ThinkPHP\Library\Org\Api\ServiceProxy.class.php 第 670 行.
NOTIC: [8] Undefined index: site_url D:\wamp\www\chanyeyuan\Admin\App\Common\Common\function.php 第 35 行.
NOTIC: [8] Undefined index: shop_url D:\wamp\www\chanyeyuan\Admin\ThinkPHP\Library\Org\Api\ServiceProxy.class.php 第 403 行.
NOTIC: [8] Undefined index: platform_domain D:\wamp\www\chanyeyuan\Admin\ThinkPHP\Library\Org\Api\ServiceProxy.class.php 第 404 行.
NOTIC: [8] Undefined index: site_url D:\wamp\www\chanyeyuan\Admin\App\Common\Common\function.php 第 35 行.
NOTIC: [8] Undefined index: TOKEN D:\wamp\www\chanyeyuan\Admin\App\Common\Conf\siteInfo.php 第 19 行.
INFO: [ app_begin ] --START--
INFO: Run Behavior\ReadHtmlCacheBehavior [ RunTime:0.000659s ]
INFO: [ app_begin ] --END-- [ RunTime:0.000746s ]

[ 2019-05-04T10:34:55+08:00 ] 192.168.0.190 /index.php?s=businessService/add_save_category_banner/businessservicecategorybanneradd
INFO: [ app_init ] --START--
INFO: Run Behavior\BuildLiteBehavior [ RunTime:0.000021s ]
INFO: [ app_init ] --END-- [ RunTime:0.000409s ]
NOTIC: [8] Use of undefined constant SELLER_ID - assumed 'SELLER_ID' D:\wamp\www\chanyeyuan\Admin\ThinkPHP\Library\Org\Api\ServiceProxy.class.php 第 277 行.
NOTIC: [8] Use of undefined constant SHOP_ID - assumed 'SHOP_ID' D:\wamp\www\chanyeyuan\Admin\ThinkPHP\Library\Org\Api\ServiceProxy.class.php 第 278 行.
NOTIC: [8] Undefined index: site_url D:\wamp\www\chanyeyuan\Admin\App\Common\Common\function.php 第 35 行.
NOTIC: [8] Undefined index: site_url D:\wamp\www\chanyeyuan\Admin\App\Common\Common\function.php 第 35 行.
NOTIC: [2] Yar_Client::setOpt(): expects a long integer timeout value D:\wamp\www\chanyeyuan\Admin\ThinkPHP\Library\Org\Api\ServiceProxy.class.php 第 670 行.
NOTIC: [2] Yar_Client::setOpt(): expects a long integer timeout value D:\wamp\www\chanyeyuan\Admin\ThinkPHP\Library\Org\Api\ServiceProxy.class.php 第 670 行.
NOTIC: [8] Undefined index: site_url D:\wamp\www\chanyeyuan\Admin\App\Common\Common\function.php 第 35 行.
NOTIC: [8] Undefined index: shop_url D:\wamp\www\chanyeyuan\Admin\ThinkPHP\Library\Org\Api\ServiceProxy.class.php 第 403 行.
NOTIC: [8] Undefined index: platform_domain D:\wamp\www\chanyeyuan\Admin\ThinkPHP\Library\Org\Api\ServiceProxy.class.php 第 404 行.
NOTIC: [8] Undefined index: site_url D:\wamp\www\chanyeyuan\Admin\App\Common\Common\function.php 第 35 行.
NOTIC: [8] Undefined index: TOKEN D:\wamp\www\chanyeyuan\Admin\App\Common\Conf\siteInfo.php 第 19 行.
INFO: [ app_begin ] --START--
INFO: Run Behavior\ReadHtmlCacheBehavior [ RunTime:0.000670s ]
INFO: [ app_begin ] --END-- [ RunTime:0.000751s ]
NOTIC: [2] Illegal string offset 'url' D:\wamp\www\chanyeyuan\Admin\App\Home\Controller\BusinessServiceController.class.php 第 145 行.
NOTIC: [2] Illegal string offset 'banner' D:\wamp\www\chanyeyuan\Admin\App\Home\Controller\BusinessServiceController.class.php 第 147 行.
NOTIC: [2] Illegal string offset 'sort' D:\wamp\www\chanyeyuan\Admin\App\Home\Controller\BusinessServiceController.class.php 第 148 行.
NOTIC: [2] Illegal string offset 'title' D:\wamp\www\chanyeyuan\Admin\App\Home\Controller\BusinessServiceController.class.php 第 149 行.
SQL: SHOW COLUMNS FROM `business_service_category_banner` [ RunTime:0.0030s ]
SQL: DELETE FROM `business_service_category_banner` WHERE `seller_id` = 2 [ RunTime:0.0327s ]
NOTIC: [8] Undefined index: site_url D:\wamp\www\chanyeyuan\Admin\App\Common\Common\function.php 第 35 行.
NOTIC: [2] Yar_Client::setOpt(): expects a long integer timeout value D:\wamp\www\chanyeyuan\Admin\ThinkPHP\Library\Org\Api\ServiceProxy.class.php 第 670 行.
NOTIC: [8] Use of undefined constant json - assumed 'json' D:\wamp\www\chanyeyuan\Admin\App\Home\Controller\BusinessServiceController.class.php 第 173 行.

[ 2019-05-04T10:35:38+08:00 ] 192.168.0.190 /index.php?s=businessService/add_save_category_banner/businessservicecategorybanneradd
INFO: [ app_init ] --START--
INFO: Run Behavior\BuildLiteBehavior [ RunTime:0.000019s ]
INFO: [ app_init ] --END-- [ RunTime:0.000446s ]
NOTIC: [8] Use of undefined constant SELLER_ID - assumed 'SELLER_ID' D:\wamp\www\chanyeyuan\Admin\ThinkPHP\Library\Org\Api\ServiceProxy.class.php 第 277 行.
NOTIC: [8] Use of undefined constant SHOP_ID - assumed 'SHOP_ID' D:\wamp\www\chanyeyuan\Admin\ThinkPHP\Library\Org\Api\ServiceProxy.class.php 第 278 行.
NOTIC: [8] Undefined index: site_url D:\wamp\www\chanyeyuan\Admin\App\Common\Common\function.php 第 35 行.
NOTIC: [8] Undefined index: site_url D:\wamp\www\chanyeyuan\Admin\App\Common\Common\function.php 第 35 行.
NOTIC: [2] Yar_Client::setOpt(): expects a long integer timeout value D:\wamp\www\chanyeyuan\Admin\ThinkPHP\Library\Org\Api\ServiceProxy.class.php 第 670 行.
NOTIC: [2] Yar_Client::setOpt(): expects a long integer timeout value D:\wamp\www\chanyeyuan\Admin\ThinkPHP\Library\Org\Api\ServiceProxy.class.php 第 670 行.
NOTIC: [8] Undefined index: site_url D:\wamp\www\chanyeyuan\Admin\App\Common\Common\function.php 第 35 行.
NOTIC: [8] Undefined index: shop_url D:\wamp\www\chanyeyuan\Admin\ThinkPHP\Library\Org\Api\ServiceProxy.class.php 第 403 行.
NOTIC: [8] Undefined index: platform_domain D:\wamp\www\chanyeyuan\Admin\ThinkPHP\Library\Org\Api\ServiceProxy.class.php 第 404 行.
NOTIC: [8] Undefined index: site_url D:\wamp\www\chanyeyuan\Admin\App\Common\Common\function.php 第 35 行.
NOTIC: [8] Undefined index: TOKEN D:\wamp\www\chanyeyuan\Admin\App\Common\Conf\siteInfo.php 第 19 行.
INFO: [ app_begin ] --START--
INFO: Run Behavior\ReadHtmlCacheBehavior [ RunTime:0.000690s ]
INFO: [ app_begin ] --END-- [ RunTime:0.000776s ]
NOTIC: [2] Illegal string offset 'url' D:\wamp\www\chanyeyuan\Admin\App\Home\Controller\BusinessServiceController.class.php 第 145 行.
NOTIC: [2] Illegal string offset 'banner' D:\wamp\www\chanyeyuan\Admin\App\Home\Controller\BusinessServiceController.class.php 第 147 行.
NOTIC: [2] Illegal string offset 'sort' D:\wamp\www\chanyeyuan\Admin\App\Home\Controller\BusinessServiceController.class.php 第 148 行.
NOTIC: [2] Illegal string offset 'title' D:\wamp\www\chanyeyuan\Admin\App\Home\Controller\BusinessServiceController.class.php 第 149 行.
SQL: SHOW COLUMNS FROM `business_service_category_banner` [ RunTime:0.0033s ]
SQL: DELETE FROM `business_service_category_banner` WHERE `seller_id` = 2 [ RunTime:0.0003s ]
NOTIC: [8] Undefined index: site_url D:\wamp\www\chanyeyuan\Admin\App\Common\Common\function.php 第 35 行.
NOTIC: [2] Yar_Client::setOpt(): expects a long integer timeout value D:\wamp\www\chanyeyuan\Admin\ThinkPHP\Library\Org\Api\ServiceProxy.class.php 第 670 行.
NOTIC: [8] Use of undefined constant json - assumed 'json' D:\wamp\www\chanyeyuan\Admin\App\Home\Controller\BusinessServiceController.class.php 第 173 行.

[ 2019-05-04T10:36:44+08:00 ] 192.168.0.190 /index.php?s=businessService/add_save_category_banner/businessservicecategorybanneradd
INFO: [ app_init ] --START--
INFO: Run Behavior\BuildLiteBehavior [ RunTime:0.000017s ]
INFO: [ app_init ] --END-- [ RunTime:0.000458s ]
NOTIC: [8] Use of undefined constant SELLER_ID - assumed 'SELLER_ID' D:\wamp\www\chanyeyuan\Admin\ThinkPHP\Library\Org\Api\ServiceProxy.class.php 第 277 行.
NOTIC: [8] Use of undefined constant SHOP_ID - assumed 'SHOP_ID' D:\wamp\www\chanyeyuan\Admin\ThinkPHP\Library\Org\Api\ServiceProxy.class.php 第 278 行.
NOTIC: [8] Undefined index: site_url D:\wamp\www\chanyeyuan\Admin\App\Common\Common\function.php 第 35 行.
NOTIC: [8] Undefined index: site_url D:\wamp\www\chanyeyuan\Admin\App\Common\Common\function.php 第 35 行.
NOTIC: [2] Yar_Client::setOpt(): expects a long integer timeout value D:\wamp\www\chanyeyuan\Admin\ThinkPHP\Library\Org\Api\ServiceProxy.class.php 第 670 行.
NOTIC: [2] Yar_Client::setOpt(): expects a long integer timeout value D:\wamp\www\chanyeyuan\Admin\ThinkPHP\Library\Org\Api\ServiceProxy.class.php 第 670 行.
NOTIC: [8] Undefined index: site_url D:\wamp\www\chanyeyuan\Admin\App\Common\Common\function.php 第 35 行.
NOTIC: [8] Undefined index: shop_url D:\wamp\www\chanyeyuan\Admin\ThinkPHP\Library\Org\Api\ServiceProxy.class.php 第 403 行.
NOTIC: [8] Undefined index: platform_domain D:\wamp\www\chanyeyuan\Admin\ThinkPHP\Library\Org\Api\ServiceProxy.class.php 第 404 行.
NOTIC: [8] Undefined index: site_url D:\wamp\www\chanyeyuan\Admin\App\Common\Common\function.php 第 35 行.
NOTIC: [8] Undefined index: TOKEN D:\wamp\www\chanyeyuan\Admin\App\Common\Conf\siteInfo.php 第 19 行.
INFO: [ app_begin ] --START--
INFO: Run Behavior\ReadHtmlCacheBehavior [ RunTime:0.000723s ]
INFO: [ app_begin ] --END-- [ RunTime:0.000807s ]
NOTIC: [2] Illegal string offset 'url' D:\wamp\www\chanyeyuan\Admin\App\Home\Controller\BusinessServiceController.class.php 第 145 行.
NOTIC: [2] Illegal string offset 'banner' D:\wamp\www\chanyeyuan\Admin\App\Home\Controller\BusinessServiceController.class.php 第 147 行.
NOTIC: [2] Illegal string offset 'sort' D:\wamp\www\chanyeyuan\Admin\App\Home\Controller\BusinessServiceController.class.php 第 148 行.
NOTIC: [2] Illegal string offset 'title' D:\wamp\www\chanyeyuan\Admin\App\Home\Controller\BusinessServiceController.class.php 第 149 行.

[ 2019-05-04T10:37:42+08:00 ] 192.168.0.190 /index.php?s=businessService/add_save_category_banner/businessservicecategorybanneradd
INFO: [ app_init ] --START--
INFO: Run Behavior\BuildLiteBehavior [ RunTime:0.000016s ]
INFO: [ app_init ] --END-- [ RunTime:0.000461s ]
NOTIC: [8] Use of undefined constant SELLER_ID - assumed 'SELLER_ID' D:\wamp\www\chanyeyuan\Admin\ThinkPHP\Library\Org\Api\ServiceProxy.class.php 第 277 行.
NOTIC: [8] Use of undefined constant SHOP_ID - assumed 'SHOP_ID' D:\wamp\www\chanyeyuan\Admin\ThinkPHP\Library\Org\Api\ServiceProxy.class.php 第 278 行.
NOTIC: [8] Undefined index: site_url D:\wamp\www\chanyeyuan\Admin\App\Common\Common\function.php 第 35 行.
NOTIC: [8] Undefined index: site_url D:\wamp\www\chanyeyuan\Admin\App\Common\Common\function.php 第 35 行.
NOTIC: [2] Yar_Client::setOpt(): expects a long integer timeout value D:\wamp\www\chanyeyuan\Admin\ThinkPHP\Library\Org\Api\ServiceProxy.class.php 第 670 行.
NOTIC: [2] Yar_Client::setOpt(): expects a long integer timeout value D:\wamp\www\chanyeyuan\Admin\ThinkPHP\Library\Org\Api\ServiceProxy.class.php 第 670 行.
NOTIC: [8] Undefined index: site_url D:\wamp\www\chanyeyuan\Admin\App\Common\Common\function.php 第 35 行.
NOTIC: [8] Undefined index: shop_url D:\wamp\www\chanyeyuan\Admin\ThinkPHP\Library\Org\Api\ServiceProxy.class.php 第 403 行.
NOTIC: [8] Undefined index: platform_domain D:\wamp\www\chanyeyuan\Admin\ThinkPHP\Library\Org\Api\ServiceProxy.class.php 第 404 行.
NOTIC: [8] Undefined index: site_url D:\wamp\www\chanyeyuan\Admin\App\Common\Common\function.php 第 35 行.
NOTIC: [8] Undefined index: TOKEN D:\wamp\www\chanyeyuan\Admin\App\Common\Conf\siteInfo.php 第 19 行.
INFO: [ app_begin ] --START--
INFO: Run Behavior\ReadHtmlCacheBehavior [ RunTime:0.000906s ]
INFO: [ app_begin ] --END-- [ RunTime:0.001041s ]

[ 2019-05-04T10:38:07+08:00 ] 192.168.0.190 /index.php?s=businessService/add_save_category_banner/businessservicecategorybanneradd
INFO: [ app_init ] --START--
INFO: Run Behavior\BuildLiteBehavior [ RunTime:0.000016s ]
INFO: [ app_init ] --END-- [ RunTime:0.000427s ]
NOTIC: [8] Use of undefined constant SELLER_ID - assumed 'SELLER_ID' D:\wamp\www\chanyeyuan\Admin\ThinkPHP\Library\Org\Api\ServiceProxy.class.php 第 277 行.
NOTIC: [8] Use of undefined constant SHOP_ID - assumed 'SHOP_ID' D:\wamp\www\chanyeyuan\Admin\ThinkPHP\Library\Org\Api\ServiceProxy.class.php 第 278 行.
NOTIC: [8] Undefined index: site_url D:\wamp\www\chanyeyuan\Admin\App\Common\Common\function.php 第 35 行.
NOTIC: [8] Undefined index: site_url D:\wamp\www\chanyeyuan\Admin\App\Common\Common\function.php 第 35 行.
NOTIC: [2] Yar_Client::setOpt(): expects a long integer timeout value D:\wamp\www\chanyeyuan\Admin\ThinkPHP\Library\Org\Api\ServiceProxy.class.php 第 670 行.
NOTIC: [2] Yar_Client::setOpt(): expects a long integer timeout value D:\wamp\www\chanyeyuan\Admin\ThinkPHP\Library\Org\Api\ServiceProxy.class.php 第 670 行.
NOTIC: [8] Undefined index: site_url D:\wamp\www\chanyeyuan\Admin\App\Common\Common\function.php 第 35 行.
NOTIC: [8] Undefined index: shop_url D:\wamp\www\chanyeyuan\Admin\ThinkPHP\Library\Org\Api\ServiceProxy.class.php 第 403 行.
NOTIC: [8] Undefined index: platform_domain D:\wamp\www\chanyeyuan\Admin\ThinkPHP\Library\Org\Api\ServiceProxy.class.php 第 404 行.
NOTIC: [8] Undefined index: site_url D:\wamp\www\chanyeyuan\Admin\App\Common\Common\function.php 第 35 行.
NOTIC: [8] Undefined index: TOKEN D:\wamp\www\chanyeyuan\Admin\App\Common\Conf\siteInfo.php 第 19 行.
INFO: [ app_begin ] --START--
INFO: Run Behavior\ReadHtmlCacheBehavior [ RunTime:0.000751s ]
INFO: [ app_begin ] --END-- [ RunTime:0.000831s ]

[ 2019-05-04T10:38:17+08:00 ] 192.168.0.190 /index.php?s=businessService/add_save_category_banner/businessservicecategorybanneradd
INFO: [ app_init ] --START--
INFO: Run Behavior\BuildLiteBehavior [ RunTime:0.000062s ]
INFO: [ app_init ] --END-- [ RunTime:0.000886s ]
NOTIC: [8] Use of undefined constant SELLER_ID - assumed 'SELLER_ID' D:\wamp\www\chanyeyuan\Admin\ThinkPHP\Library\Org\Api\ServiceProxy.class.php 第 277 行.
NOTIC: [8] Use of undefined constant SHOP_ID - assumed 'SHOP_ID' D:\wamp\www\chanyeyuan\Admin\ThinkPHP\Library\Org\Api\ServiceProxy.class.php 第 278 行.
NOTIC: [8] Undefined index: site_url D:\wamp\www\chanyeyuan\Admin\App\Common\Common\function.php 第 35 行.
NOTIC: [8] Undefined index: site_url D:\wamp\www\chanyeyuan\Admin\App\Common\Common\function.php 第 35 行.
NOTIC: [2] Yar_Client::setOpt(): expects a long integer timeout value D:\wamp\www\chanyeyuan\Admin\ThinkPHP\Library\Org\Api\ServiceProxy.class.php 第 670 行.
NOTIC: [2] Yar_Client::setOpt(): expects a long integer timeout value D:\wamp\www\chanyeyuan\Admin\ThinkPHP\Library\Org\Api\ServiceProxy.class.php 第 670 行.
NOTIC: [8] Undefined index: site_url D:\wamp\www\chanyeyuan\Admin\App\Common\Common\function.php 第 35 行.
NOTIC: [8] Undefined index: shop_url D:\wamp\www\chanyeyuan\Admin\ThinkPHP\Library\Org\Api\ServiceProxy.class.php 第 403 行.
NOTIC: [8] Undefined index: platform_domain D:\wamp\www\chanyeyuan\Admin\ThinkPHP\Library\Org\Api\ServiceProxy.class.php 第 404 行.
NOTIC: [8] Undefined index: site_url D:\wamp\www\chanyeyuan\Admin\App\Common\Common\function.php 第 35 行.
NOTIC: [8] Undefined index: TOKEN D:\wamp\www\chanyeyuan\Admin\App\Common\Conf\siteInfo.php 第 19 行.
INFO: [ app_begin ] --START--
INFO: Run Behavior\ReadHtmlCacheBehavior [ RunTime:0.000673s ]
INFO: [ app_begin ] --END-- [ RunTime:0.000751s ]

[ 2019-05-04T10:39:10+08:00 ] 192.168.0.190 /index.php?s=businessService/add_save_category_banner/businessservicecategorybanneradd
INFO: [ app_init ] --START--
INFO: Run Behavior\BuildLiteBehavior [ RunTime:0.000016s ]
INFO: [ app_init ] --END-- [ RunTime:0.000433s ]
NOTIC: [8] Use of undefined constant SELLER_ID - assumed 'SELLER_ID' D:\wamp\www\chanyeyuan\Admin\ThinkPHP\Library\Org\Api\ServiceProxy.class.php 第 277 行.
NOTIC: [8] Use of undefined constant SHOP_ID - assumed 'SHOP_ID' D:\wamp\www\chanyeyuan\Admin\ThinkPHP\Library\Org\Api\ServiceProxy.class.php 第 278 行.
NOTIC: [8] Undefined index: site_url D:\wamp\www\chanyeyuan\Admin\App\Common\Common\function.php 第 35 行.
NOTIC: [8] Undefined index: site_url D:\wamp\www\chanyeyuan\Admin\App\Common\Common\function.php 第 35 行.
NOTIC: [2] Yar_Client::setOpt(): expects a long integer timeout value D:\wamp\www\chanyeyuan\Admin\ThinkPHP\Library\Org\Api\ServiceProxy.class.php 第 670 行.
NOTIC: [2] Yar_Client::setOpt(): expects a long integer timeout value D:\wamp\www\chanyeyuan\Admin\ThinkPHP\Library\Org\Api\ServiceProxy.class.php 第 670 行.
NOTIC: [8] Undefined index: site_url D:\wamp\www\chanyeyuan\Admin\App\Common\Common\function.php 第 35 行.
NOTIC: [8] Undefined index: shop_url D:\wamp\www\chanyeyuan\Admin\ThinkPHP\Library\Org\Api\ServiceProxy.class.php 第 403 行.
NOTIC: [8] Undefined index: platform_domain D:\wamp\www\chanyeyuan\Admin\ThinkPHP\Library\Org\Api\ServiceProxy.class.php 第 404 行.
NOTIC: [8] Undefined index: site_url D:\wamp\www\chanyeyuan\Admin\App\Common\Common\function.php 第 35 行.
NOTIC: [8] Undefined index: TOKEN D:\wamp\www\chanyeyuan\Admin\App\Common\Conf\siteInfo.php 第 19 行.
INFO: [ app_begin ] --START--
INFO: Run Behavior\ReadHtmlCacheBehavior [ RunTime:0.000645s ]
INFO: [ app_begin ] --END-- [ RunTime:0.000722s ]

[ 2019-05-04T10:39:44+08:00 ] 192.168.0.190 /index.php?s=businessService/add_save_category_banner/businessservicecategorybanneradd
INFO: [ app_init ] --START--
INFO: Run Behavior\BuildLiteBehavior [ RunTime:0.000028s ]
INFO: [ app_init ] --END-- [ RunTime:0.000898s ]
NOTIC: [8] Use of undefined constant SELLER_ID - assumed 'SELLER_ID' D:\wamp\www\chanyeyuan\Admin\ThinkPHP\Library\Org\Api\ServiceProxy.class.php 第 277 行.
NOTIC: [8] Use of undefined constant SHOP_ID - assumed 'SHOP_ID' D:\wamp\www\chanyeyuan\Admin\ThinkPHP\Library\Org\Api\ServiceProxy.class.php 第 278 行.
NOTIC: [8] Undefined index: site_url D:\wamp\www\chanyeyuan\Admin\App\Common\Common\function.php 第 35 行.
NOTIC: [8] Undefined index: site_url D:\wamp\www\chanyeyuan\Admin\App\Common\Common\function.php 第 35 行.
NOTIC: [2] Yar_Client::setOpt(): expects a long integer timeout value D:\wamp\www\chanyeyuan\Admin\ThinkPHP\Library\Org\Api\ServiceProxy.class.php 第 670 行.
NOTIC: [2] Yar_Client::setOpt(): expects a long integer timeout value D:\wamp\www\chanyeyuan\Admin\ThinkPHP\Library\Org\Api\ServiceProxy.class.php 第 670 行.
NOTIC: [8] Undefined index: site_url D:\wamp\www\chanyeyuan\Admin\App\Common\Common\function.php 第 35 行.
NOTIC: [8] Undefined index: shop_url D:\wamp\www\chanyeyuan\Admin\ThinkPHP\Library\Org\Api\ServiceProxy.class.php 第 403 行.
NOTIC: [8] Undefined index: platform_domain D:\wamp\www\chanyeyuan\Admin\ThinkPHP\Library\Org\Api\ServiceProxy.class.php 第 404 行.
NOTIC: [8] Undefined index: site_url D:\wamp\www\chanyeyuan\Admin\App\Common\Common\function.php 第 35 行.
NOTIC: [8] Undefined index: TOKEN D:\wamp\www\chanyeyuan\Admin\App\Common\Conf\siteInfo.php 第 19 行.
INFO: [ app_begin ] --START--
INFO: Run Behavior\ReadHtmlCacheBehavior [ RunTime:0.000931s ]
INFO: [ app_begin ] --END-- [ RunTime:0.001024s ]

[ 2019-05-04T10:48:38+08:00 ] 192.168.0.190 /index.php?s=businessService/add_save_category_banner/businessservicecategorybanneradd
INFO: [ app_init ] --START--
INFO: Run Behavior\BuildLiteBehavior [ RunTime:0.000015s ]
INFO: [ app_init ] --END-- [ RunTime:0.000486s ]
NOTIC: [8] Use of undefined constant SELLER_ID - assumed 'SELLER_ID' D:\wamp\www\chanyeyuan\Admin\ThinkPHP\Library\Org\Api\ServiceProxy.class.php 第 277 行.
NOTIC: [8] Use of undefined constant SHOP_ID - assumed 'SHOP_ID' D:\wamp\www\chanyeyuan\Admin\ThinkPHP\Library\Org\Api\ServiceProxy.class.php 第 278 行.
NOTIC: [8] Undefined index: site_url D:\wamp\www\chanyeyuan\Admin\App\Common\Common\function.php 第 35 行.
NOTIC: [8] Undefined index: site_url D:\wamp\www\chanyeyuan\Admin\App\Common\Common\function.php 第 35 行.
NOTIC: [2] Yar_Client::setOpt(): expects a long integer timeout value D:\wamp\www\chanyeyuan\Admin\ThinkPHP\Library\Org\Api\ServiceProxy.class.php 第 670 行.
NOTIC: [2] Yar_Client::setOpt(): expects a long integer timeout value D:\wamp\www\chanyeyuan\Admin\ThinkPHP\Library\Org\Api\ServiceProxy.class.php 第 670 行.
NOTIC: [8] Undefined index: site_url D:\wamp\www\chanyeyuan\Admin\App\Common\Common\function.php 第 35 行.
NOTIC: [8] Undefined index: shop_url D:\wamp\www\chanyeyuan\Admin\ThinkPHP\Library\Org\Api\ServiceProxy.class.php 第 403 行.
NOTIC: [8] Undefined index: platform_domain D:\wamp\www\chanyeyuan\Admin\ThinkPHP\Library\Org\Api\ServiceProxy.class.php 第 404 行.
NOTIC: [8] Undefined index: site_url D:\wamp\www\chanyeyuan\Admin\App\Common\Common\function.php 第 35 行.
NOTIC: [8] Undefined index: TOKEN D:\wamp\www\chanyeyuan\Admin\App\Common\Conf\siteInfo.php 第 19 行.
INFO: [ app_begin ] --START--
INFO: Run Behavior\ReadHtmlCacheBehavior [ RunTime:0.000711s ]
INFO: [ app_begin ] --END-- [ RunTime:0.000791s ]

[ 2019-05-04T10:49:16+08:00 ] 192.168.0.190 /index.php?s=businessService/add_save_category_banner/businessservicecategorybanneradd
INFO: [ app_init ] --START--
INFO: Run Behavior\BuildLiteBehavior [ RunTime:0.000017s ]
INFO: [ app_init ] --END-- [ RunTime:0.000443s ]
NOTIC: [8] Use of undefined constant SELLER_ID - assumed 'SELLER_ID' D:\wamp\www\chanyeyuan\Admin\ThinkPHP\Library\Org\Api\ServiceProxy.class.php 第 277 行.
NOTIC: [8] Use of undefined constant SHOP_ID - assumed 'SHOP_ID' D:\wamp\www\chanyeyuan\Admin\ThinkPHP\Library\Org\Api\ServiceProxy.class.php 第 278 行.
NOTIC: [8] Undefined index: site_url D:\wamp\www\chanyeyuan\Admin\App\Common\Common\function.php 第 35 行.
NOTIC: [8] Undefined index: site_url D:\wamp\www\chanyeyuan\Admin\App\Common\Common\function.php 第 35 行.
NOTIC: [2] Yar_Client::setOpt(): expects a long integer timeout value D:\wamp\www\chanyeyuan\Admin\ThinkPHP\Library\Org\Api\ServiceProxy.class.php 第 670 行.
NOTIC: [2] Yar_Client::setOpt(): expects a long integer timeout value D:\wamp\www\chanyeyuan\Admin\ThinkPHP\Library\Org\Api\ServiceProxy.class.php 第 670 行.
NOTIC: [8] Undefined index: site_url D:\wamp\www\chanyeyuan\Admin\App\Common\Common\function.php 第 35 行.
NOTIC: [8] Undefined index: shop_url D:\wamp\www\chanyeyuan\Admin\ThinkPHP\Library\Org\Api\ServiceProxy.class.php 第 403 行.
NOTIC: [8] Undefined index: platform_domain D:\wamp\www\chanyeyuan\Admin\ThinkPHP\Library\Org\Api\ServiceProxy.class.php 第 404 行.
NOTIC: [8] Undefined index: site_url D:\wamp\www\chanyeyuan\Admin\App\Common\Common\function.php 第 35 行.
NOTIC: [8] Undefined index: TOKEN D:\wamp\www\chanyeyuan\Admin\App\Common\Conf\siteInfo.php 第 19 行.
INFO: [ app_begin ] --START--
INFO: Run Behavior\ReadHtmlCacheBehavior [ RunTime:0.000722s ]
INFO: [ app_begin ] --END-- [ RunTime:0.000806s ]

[ 2019-05-04T11:04:20+08:00 ] 192.168.0.190 /index.php?s=businessService/add_save_category_banner/businessservicecategorybanneradd
INFO: [ app_init ] --START--
INFO: Run Behavior\BuildLiteBehavior [ RunTime:0.000016s ]
INFO: [ app_init ] --END-- [ RunTime:0.000454s ]
NOTIC: [8] Use of undefined constant SELLER_ID - assumed 'SELLER_ID' D:\wamp\www\chanyeyuan\Admin\ThinkPHP\Library\Org\Api\ServiceProxy.class.php 第 277 行.
NOTIC: [8] Use of undefined constant SHOP_ID - assumed 'SHOP_ID' D:\wamp\www\chanyeyuan\Admin\ThinkPHP\Library\Org\Api\ServiceProxy.class.php 第 278 行.
NOTIC: [8] Undefined index: site_url D:\wamp\www\chanyeyuan\Admin\App\Common\Common\function.php 第 35 行.
NOTIC: [8] Undefined index: site_url D:\wamp\www\chanyeyuan\Admin\App\Common\Common\function.php 第 35 行.
NOTIC: [2] Yar_Client::setOpt(): expects a long integer timeout value D:\wamp\www\chanyeyuan\Admin\ThinkPHP\Library\Org\Api\ServiceProxy.class.php 第 670 行.
NOTIC: [2] Yar_Client::setOpt(): expects a long integer timeout value D:\wamp\www\chanyeyuan\Admin\ThinkPHP\Library\Org\Api\ServiceProxy.class.php 第 670 行.
NOTIC: [8] Undefined index: site_url D:\wamp\www\chanyeyuan\Admin\App\Common\Common\function.php 第 35 行.
NOTIC: [8] Undefined index: shop_url D:\wamp\www\chanyeyuan\Admin\ThinkPHP\Library\Org\Api\ServiceProxy.class.php 第 403 行.
NOTIC: [8] Undefined index: platform_domain D:\wamp\www\chanyeyuan\Admin\ThinkPHP\Library\Org\Api\ServiceProxy.class.php 第 404 行.
NOTIC: [8] Undefined index: site_url D:\wamp\www\chanyeyuan\Admin\App\Common\Common\function.php 第 35 行.
NOTIC: [8] Undefined index: TOKEN D:\wamp\www\chanyeyuan\Admin\App\Common\Conf\siteInfo.php 第 19 行.
INFO: [ app_begin ] --START--
INFO: Run Behavior\ReadHtmlCacheBehavior [ RunTime:0.000594s ]
INFO: [ app_begin ] --END-- [ RunTime:0.000679s ]
NOTIC: [2] json_decode() expects parameter 1 to be string, array given D:\wamp\www\chanyeyuan\Admin\App\Home\Controller\BusinessServiceController.class.php 第 133 行.

[ 2019-05-04T11:04:54+08:00 ] 192.168.0.190 /index.php?s=businessService/add_save_category_banner/businessservicecategorybanneradd
INFO: [ app_init ] --START--
INFO: Run Behavior\BuildLiteBehavior [ RunTime:0.000017s ]
INFO: [ app_init ] --END-- [ RunTime:0.000485s ]
NOTIC: [8] Use of undefined constant SELLER_ID - assumed 'SELLER_ID' D:\wamp\www\chanyeyuan\Admin\ThinkPHP\Library\Org\Api\ServiceProxy.class.php 第 277 行.
NOTIC: [8] Use of undefined constant SHOP_ID - assumed 'SHOP_ID' D:\wamp\www\chanyeyuan\Admin\ThinkPHP\Library\Org\Api\ServiceProxy.class.php 第 278 行.
NOTIC: [8] Undefined index: site_url D:\wamp\www\chanyeyuan\Admin\App\Common\Common\function.php 第 35 行.
NOTIC: [8] Undefined index: site_url D:\wamp\www\chanyeyuan\Admin\App\Common\Common\function.php 第 35 行.
NOTIC: [2] Yar_Client::setOpt(): expects a long integer timeout value D:\wamp\www\chanyeyuan\Admin\ThinkPHP\Library\Org\Api\ServiceProxy.class.php 第 670 行.
NOTIC: [2] Yar_Client::setOpt(): expects a long integer timeout value D:\wamp\www\chanyeyuan\Admin\ThinkPHP\Library\Org\Api\ServiceProxy.class.php 第 670 行.
NOTIC: [8] Undefined index: site_url D:\wamp\www\chanyeyuan\Admin\App\Common\Common\function.php 第 35 行.
NOTIC: [8] Undefined index: shop_url D:\wamp\www\chanyeyuan\Admin\ThinkPHP\Library\Org\Api\ServiceProxy.class.php 第 403 行.
NOTIC: [8] Undefined index: platform_domain D:\wamp\www\chanyeyuan\Admin\ThinkPHP\Library\Org\Api\ServiceProxy.class.php 第 404 行.
NOTIC: [8] Undefined index: site_url D:\wamp\www\chanyeyuan\Admin\App\Common\Common\function.php 第 35 行.
NOTIC: [8] Undefined index: TOKEN D:\wamp\www\chanyeyuan\Admin\App\Common\Conf\siteInfo.php 第 19 行.
INFO: [ app_begin ] --START--
INFO: Run Behavior\ReadHtmlCacheBehavior [ RunTime:0.000533s ]
INFO: [ app_begin ] --END-- [ RunTime:0.000614s ]
NOTIC: [2] json_decode() expects parameter 1 to be string, array given D:\wamp\www\chanyeyuan\Admin\App\Home\Controller\BusinessServiceController.class.php 第 133 行.

[ 2019-05-04T11:05:08+08:00 ] 192.168.0.190 /index.php?s=businessService/add_save_category_banner/businessservicecategorybanneradd
INFO: [ app_init ] --START--
INFO: Run Behavior\BuildLiteBehavior [ RunTime:0.000017s ]
INFO: [ app_init ] --END-- [ RunTime:0.000481s ]
NOTIC: [8] Use of undefined constant SELLER_ID - assumed 'SELLER_ID' D:\wamp\www\chanyeyuan\Admin\ThinkPHP\Library\Org\Api\ServiceProxy.class.php 第 277 行.
NOTIC: [8] Use of undefined constant SHOP_ID - assumed 'SHOP_ID' D:\wamp\www\chanyeyuan\Admin\ThinkPHP\Library\Org\Api\ServiceProxy.class.php 第 278 行.
NOTIC: [8] Undefined index: site_url D:\wamp\www\chanyeyuan\Admin\App\Common\Common\function.php 第 35 行.
NOTIC: [8] Undefined index: site_url D:\wamp\www\chanyeyuan\Admin\App\Common\Common\function.php 第 35 行.
NOTIC: [2] Yar_Client::setOpt(): expects a long integer timeout value D:\wamp\www\chanyeyuan\Admin\ThinkPHP\Library\Org\Api\ServiceProxy.class.php 第 670 行.
NOTIC: [2] Yar_Client::setOpt(): expects a long integer timeout value D:\wamp\www\chanyeyuan\Admin\ThinkPHP\Library\Org\Api\ServiceProxy.class.php 第 670 行.
NOTIC: [8] Undefined index: site_url D:\wamp\www\chanyeyuan\Admin\App\Common\Common\function.php 第 35 行.
NOTIC: [8] Undefined index: shop_url D:\wamp\www\chanyeyuan\Admin\ThinkPHP\Library\Org\Api\ServiceProxy.class.php 第 403 行.
NOTIC: [8] Undefined index: platform_domain D:\wamp\www\chanyeyuan\Admin\ThinkPHP\Library\Org\Api\ServiceProxy.class.php 第 404 行.
NOTIC: [8] Undefined index: site_url D:\wamp\www\chanyeyuan\Admin\App\Common\Common\function.php 第 35 行.
NOTIC: [8] Undefined index: TOKEN D:\wamp\www\chanyeyuan\Admin\App\Common\Conf\siteInfo.php 第 19 行.
INFO: [ app_begin ] --START--
INFO: Run Behavior\ReadHtmlCacheBehavior [ RunTime:0.000575s ]
INFO: [ app_begin ] --END-- [ RunTime:0.000656s ]

[ 2019-05-04T12:22:03+08:00 ] 192.168.0.190 /index.php?s=businessService/category_banner_delete
INFO: [ app_init ] --START--
INFO: Run Behavior\BuildLiteBehavior [ RunTime:0.000018s ]
INFO: [ app_init ] --END-- [ RunTime:0.000442s ]
NOTIC: [8] Use of undefined constant SELLER_ID - assumed 'SELLER_ID' D:\wamp\www\chanyeyuan\Admin\ThinkPHP\Library\Org\Api\ServiceProxy.class.php 第 277 行.
NOTIC: [8] Use of undefined constant SHOP_ID - assumed 'SHOP_ID' D:\wamp\www\chanyeyuan\Admin\ThinkPHP\Library\Org\Api\ServiceProxy.class.php 第 278 行.
NOTIC: [8] Undefined index: site_url D:\wamp\www\chanyeyuan\Admin\App\Common\Common\function.php 第 35 行.
NOTIC: [8] Undefined index: site_url D:\wamp\www\chanyeyuan\Admin\App\Common\Common\function.php 第 35 行.
NOTIC: [2] Yar_Client::setOpt(): expects a long integer timeout value D:\wamp\www\chanyeyuan\Admin\ThinkPHP\Library\Org\Api\ServiceProxy.class.php 第 670 行.
NOTIC: [2] Yar_Client::setOpt(): expects a long integer timeout value D:\wamp\www\chanyeyuan\Admin\ThinkPHP\Library\Org\Api\ServiceProxy.class.php 第 670 行.
NOTIC: [8] Undefined index: site_url D:\wamp\www\chanyeyuan\Admin\App\Common\Common\function.php 第 35 行.
NOTIC: [8] Undefined index: shop_url D:\wamp\www\chanyeyuan\Admin\ThinkPHP\Library\Org\Api\ServiceProxy.class.php 第 403 行.
NOTIC: [8] Undefined index: platform_domain D:\wamp\www\chanyeyuan\Admin\ThinkPHP\Library\Org\Api\ServiceProxy.class.php 第 404 行.
NOTIC: [8] Undefined index: site_url D:\wamp\www\chanyeyuan\Admin\App\Common\Common\function.php 第 35 行.
NOTIC: [8] Undefined index: TOKEN D:\wamp\www\chanyeyuan\Admin\App\Common\Conf\siteInfo.php 第 19 行.
INFO: [ app_begin ] --START--
INFO: Run Behavior\ReadHtmlCacheBehavior [ RunTime:0.000664s ]
INFO: [ app_begin ] --END-- [ RunTime:0.000743s ]
NOTIC: [8] Undefined index: site_url D:\wamp\www\chanyeyuan\Admin\App\Common\Common\function.php 第 35 行.
NOTIC: [2] Yar_Client::setOpt(): expects a long integer timeout value D:\wamp\www\chanyeyuan\Admin\ThinkPHP\Library\Org\Api\ServiceProxy.class.php 第 670 行.
NOTIC: [8] Use of undefined constant json - assumed 'json' D:\wamp\www\chanyeyuan\Admin\App\Home\Controller\BusinessServiceController.class.php 第 189 行.

