[ 2019-04-25T09:49:43+08:00 ] 192.168.0.150 /u/get_user_info.html
INFO: [ app_init ] --START--
INFO: Run Behavior\BuildLiteBehavior [ RunTime:0.000017s ]
INFO: [ app_init ] --END-- [ RunTime:0.000599s ]
NOTIC: [8] Use of undefined constant SELLER_ID - assumed 'SELLER_ID' D:\wamp\www\chanyeyuan\Admin\ThinkPHP\Library\Org\Api\ServiceProxy.class.php 第 277 行.
NOTIC: [8] Use of undefined constant SHOP_ID - assumed 'SHOP_ID' D:\wamp\www\chanyeyuan\Admin\ThinkPHP\Library\Org\Api\ServiceProxy.class.php 第 278 行.
NOTIC: [8] Undefined index: site_url D:\wamp\www\chanyeyuan\Admin\App\Common\Common\function.php 第 35 行.
NOTIC: [8] Undefined index: site_url D:\wamp\www\chanyeyuan\Admin\App\Common\Common\function.php 第 35 行.
NOTIC: [2] Yar_Client::setOpt(): expects a long integer timeout value D:\wamp\www\chanyeyuan\Admin\ThinkPHP\Library\Org\Api\ServiceProxy.class.php 第 670 行.
NOTIC: [2] Yar_Client::setOpt(): expects a long integer timeout value D:\wamp\www\chanyeyuan\Admin\ThinkPHP\Library\Org\Api\ServiceProxy.class.php 第 670 行.
NOTIC: [8] Undefined index: site_url D:\wamp\www\chanyeyuan\Admin\App\Common\Common\function.php 第 35 行.
NOTIC: [8] Undefined index: shop_url D:\wamp\www\chanyeyuan\Admin\ThinkPHP\Library\Org\Api\ServiceProxy.class.php 第 403 行.
NOTIC: [8] Undefined index: platform_domain D:\wamp\www\chanyeyuan\Admin\ThinkPHP\Library\Org\Api\ServiceProxy.class.php 第 404 行.
NOTIC: [8] Undefined index: site_url D:\wamp\www\chanyeyuan\Admin\App\Common\Common\function.php 第 35 行.
NOTIC: [8] Undefined index: TOKEN D:\wamp\www\chanyeyuan\Admin\App\Common\Conf\siteInfo.php 第 19 行.
INFO: [ app_begin ] --START--
INFO: Run Behavior\ReadHtmlCacheBehavior [ RunTime:0.000988s ]
INFO: [ app_begin ] --END-- [ RunTime:0.001073s ]
NOTIC: [8] Undefined index: site_url D:\wamp\www\chanyeyuan\Admin\App\Common\Common\function.php 第 35 行.
NOTIC: [2] Yar_Client::setOpt(): expects a long integer timeout value D:\wamp\www\chanyeyuan\Admin\ThinkPHP\Library\Org\Api\ServiceProxy.class.php 第 670 行.
NOTIC: [8] Use of undefined constant json - assumed 'json' D:\wamp\www\chanyeyuan\Admin\App\Home\Controller\UserController.class.php 第 110 行.
NOTIC: [2] Cannot modify header information - headers already sent by (output started at D:\wamp\www\chanyeyuan\Admin\ThinkPHP\Library\Org\Api\ServiceProxy.class.php:988) D:\wamp\www\chanyeyuan\Admin\ThinkPHP\Library\Think\Controller.class.php 第 227 行.

[ 2019-04-25T09:54:26+08:00 ] 192.168.0.150 /u/get_user_info.html
INFO: [ app_init ] --START--
INFO: Run Behavior\BuildLiteBehavior [ RunTime:0.000018s ]
INFO: [ app_init ] --END-- [ RunTime:0.000622s ]
NOTIC: [8] Use of undefined constant SELLER_ID - assumed 'SELLER_ID' D:\wamp\www\chanyeyuan\Admin\ThinkPHP\Library\Org\Api\ServiceProxy.class.php 第 277 行.
NOTIC: [8] Use of undefined constant SHOP_ID - assumed 'SHOP_ID' D:\wamp\www\chanyeyuan\Admin\ThinkPHP\Library\Org\Api\ServiceProxy.class.php 第 278 行.
NOTIC: [2] Yar_Client::setOpt(): expects a long integer timeout value D:\wamp\www\chanyeyuan\Admin\ThinkPHP\Library\Org\Api\ServiceProxy.class.php 第 670 行.
NOTIC: [2] Yar_Client::setOpt(): expects a long integer timeout value D:\wamp\www\chanyeyuan\Admin\ThinkPHP\Library\Org\Api\ServiceProxy.class.php 第 670 行.
NOTIC: [8] Undefined index: shop_url D:\wamp\www\chanyeyuan\Admin\ThinkPHP\Library\Org\Api\ServiceProxy.class.php 第 403 行.
NOTIC: [8] Undefined index: platform_domain D:\wamp\www\chanyeyuan\Admin\ThinkPHP\Library\Org\Api\ServiceProxy.class.php 第 404 行.
NOTIC: [8] Undefined index: TOKEN D:\wamp\www\chanyeyuan\Admin\App\Common\Conf\siteInfo.php 第 19 行.
INFO: [ app_begin ] --START--
INFO: Run Behavior\ReadHtmlCacheBehavior [ RunTime:0.001001s ]
INFO: [ app_begin ] --END-- [ RunTime:0.001085s ]
NOTIC: [2] Yar_Client::setOpt(): expects a long integer timeout value D:\wamp\www\chanyeyuan\Admin\ThinkPHP\Library\Org\Api\ServiceProxy.class.php 第 670 行.
NOTIC: [8] Use of undefined constant json - assumed 'json' D:\wamp\www\chanyeyuan\Admin\App\Home\Controller\UserController.class.php 第 110 行.

[ 2019-04-25T09:55:23+08:00 ] 192.168.0.199 /u/get_user_info.html?account=admin&password=ec7f92c539ceafc8aab3396a86b3ffb3
INFO: [ app_init ] --START--
INFO: Run Behavior\BuildLiteBehavior [ RunTime:0.000017s ]
INFO: [ app_init ] --END-- [ RunTime:0.000620s ]
NOTIC: [8] Use of undefined constant SELLER_ID - assumed 'SELLER_ID' D:\wamp\www\chanyeyuan\Admin\ThinkPHP\Library\Org\Api\ServiceProxy.class.php 第 277 行.
NOTIC: [8] Use of undefined constant SHOP_ID - assumed 'SHOP_ID' D:\wamp\www\chanyeyuan\Admin\ThinkPHP\Library\Org\Api\ServiceProxy.class.php 第 278 行.
NOTIC: [2] Yar_Client::setOpt(): expects a long integer timeout value D:\wamp\www\chanyeyuan\Admin\ThinkPHP\Library\Org\Api\ServiceProxy.class.php 第 670 行.
NOTIC: [2] Yar_Client::setOpt(): expects a long integer timeout value D:\wamp\www\chanyeyuan\Admin\ThinkPHP\Library\Org\Api\ServiceProxy.class.php 第 670 行.
NOTIC: [8] Undefined index: shop_url D:\wamp\www\chanyeyuan\Admin\ThinkPHP\Library\Org\Api\ServiceProxy.class.php 第 403 行.
NOTIC: [8] Undefined index: platform_domain D:\wamp\www\chanyeyuan\Admin\ThinkPHP\Library\Org\Api\ServiceProxy.class.php 第 404 行.
NOTIC: [8] Undefined index: TOKEN D:\wamp\www\chanyeyuan\Admin\App\Common\Conf\siteInfo.php 第 19 行.
INFO: [ app_begin ] --START--
INFO: Run Behavior\ReadHtmlCacheBehavior [ RunTime:0.000933s ]
INFO: [ app_begin ] --END-- [ RunTime:0.001018s ]
NOTIC: [2] Yar_Client::setOpt(): expects a long integer timeout value D:\wamp\www\chanyeyuan\Admin\ThinkPHP\Library\Org\Api\ServiceProxy.class.php 第 670 行.
NOTIC: [8] Undefined index: isSuper D:\wamp\www\chanyeyuan\Admin\App\Home\Controller\UserController.class.php 第 99 行.
NOTIC: [8] Undefined index: currentsectionId D:\wamp\www\chanyeyuan\Admin\App\Home\Controller\UserController.class.php 第 104 行.
NOTIC: [8] Use of undefined constant json - assumed 'json' D:\wamp\www\chanyeyuan\Admin\App\Home\Controller\UserController.class.php 第 110 行.

[ 2019-04-25T09:56:08+08:00 ] 192.168.0.150 /u/get_user_info.html
INFO: [ app_init ] --START--
INFO: Run Behavior\BuildLiteBehavior [ RunTime:0.000017s ]
INFO: [ app_init ] --END-- [ RunTime:0.000607s ]
NOTIC: [8] Use of undefined constant SELLER_ID - assumed 'SELLER_ID' D:\wamp\www\chanyeyuan\Admin\ThinkPHP\Library\Org\Api\ServiceProxy.class.php 第 277 行.
NOTIC: [8] Use of undefined constant SHOP_ID - assumed 'SHOP_ID' D:\wamp\www\chanyeyuan\Admin\ThinkPHP\Library\Org\Api\ServiceProxy.class.php 第 278 行.
NOTIC: [2] Yar_Client::setOpt(): expects a long integer timeout value D:\wamp\www\chanyeyuan\Admin\ThinkPHP\Library\Org\Api\ServiceProxy.class.php 第 670 行.
NOTIC: [2] Yar_Client::setOpt(): expects a long integer timeout value D:\wamp\www\chanyeyuan\Admin\ThinkPHP\Library\Org\Api\ServiceProxy.class.php 第 670 行.
NOTIC: [8] Undefined index: shop_url D:\wamp\www\chanyeyuan\Admin\ThinkPHP\Library\Org\Api\ServiceProxy.class.php 第 403 行.
NOTIC: [8] Undefined index: platform_domain D:\wamp\www\chanyeyuan\Admin\ThinkPHP\Library\Org\Api\ServiceProxy.class.php 第 404 行.
NOTIC: [8] Undefined index: TOKEN D:\wamp\www\chanyeyuan\Admin\App\Common\Conf\siteInfo.php 第 19 行.
INFO: [ app_begin ] --START--
INFO: Run Behavior\ReadHtmlCacheBehavior [ RunTime:0.000941s ]
INFO: [ app_begin ] --END-- [ RunTime:0.001026s ]
NOTIC: [2] Yar_Client::setOpt(): expects a long integer timeout value D:\wamp\www\chanyeyuan\Admin\ThinkPHP\Library\Org\Api\ServiceProxy.class.php 第 670 行.
NOTIC: [8] Use of undefined constant json - assumed 'json' D:\wamp\www\chanyeyuan\Admin\App\Home\Controller\UserController.class.php 第 110 行.

[ 2019-04-25T09:57:26+08:00 ] 192.168.0.150 /u/get_user_info.html
INFO: [ app_init ] --START--
INFO: Run Behavior\BuildLiteBehavior [ RunTime:0.000019s ]
INFO: [ app_init ] --END-- [ RunTime:0.000946s ]
NOTIC: [8] Use of undefined constant SELLER_ID - assumed 'SELLER_ID' D:\wamp\www\chanyeyuan\Admin\ThinkPHP\Library\Org\Api\ServiceProxy.class.php 第 277 行.
NOTIC: [8] Use of undefined constant SHOP_ID - assumed 'SHOP_ID' D:\wamp\www\chanyeyuan\Admin\ThinkPHP\Library\Org\Api\ServiceProxy.class.php 第 278 行.
NOTIC: [2] Yar_Client::setOpt(): expects a long integer timeout value D:\wamp\www\chanyeyuan\Admin\ThinkPHP\Library\Org\Api\ServiceProxy.class.php 第 670 行.
NOTIC: [2] Yar_Client::setOpt(): expects a long integer timeout value D:\wamp\www\chanyeyuan\Admin\ThinkPHP\Library\Org\Api\ServiceProxy.class.php 第 670 行.
NOTIC: [8] Undefined index: shop_url D:\wamp\www\chanyeyuan\Admin\ThinkPHP\Library\Org\Api\ServiceProxy.class.php 第 403 行.
NOTIC: [8] Undefined index: platform_domain D:\wamp\www\chanyeyuan\Admin\ThinkPHP\Library\Org\Api\ServiceProxy.class.php 第 404 行.
NOTIC: [8] Undefined index: TOKEN D:\wamp\www\chanyeyuan\Admin\App\Common\Conf\siteInfo.php 第 19 行.
INFO: [ app_begin ] --START--
INFO: Run Behavior\ReadHtmlCacheBehavior [ RunTime:0.001064s ]
INFO: [ app_begin ] --END-- [ RunTime:0.001149s ]
NOTIC: [2] Yar_Client::setOpt(): expects a long integer timeout value D:\wamp\www\chanyeyuan\Admin\ThinkPHP\Library\Org\Api\ServiceProxy.class.php 第 670 行.
NOTIC: [8] Use of undefined constant json - assumed 'json' D:\wamp\www\chanyeyuan\Admin\App\Home\Controller\UserController.class.php 第 110 行.

[ 2019-04-25T10:06:04+08:00 ] 192.168.0.150 /u/get_user_info.html
INFO: [ app_init ] --START--
INFO: Run Behavior\BuildLiteBehavior [ RunTime:0.000018s ]
INFO: [ app_init ] --END-- [ RunTime:0.000599s ]
NOTIC: [8] Use of undefined constant SELLER_ID - assumed 'SELLER_ID' D:\wamp\www\chanyeyuan\Admin\ThinkPHP\Library\Org\Api\ServiceProxy.class.php 第 277 行.
NOTIC: [8] Use of undefined constant SHOP_ID - assumed 'SHOP_ID' D:\wamp\www\chanyeyuan\Admin\ThinkPHP\Library\Org\Api\ServiceProxy.class.php 第 278 行.
NOTIC: [2] Yar_Client::setOpt(): expects a long integer timeout value D:\wamp\www\chanyeyuan\Admin\ThinkPHP\Library\Org\Api\ServiceProxy.class.php 第 670 行.
NOTIC: [2] Yar_Client::setOpt(): expects a long integer timeout value D:\wamp\www\chanyeyuan\Admin\ThinkPHP\Library\Org\Api\ServiceProxy.class.php 第 670 行.
NOTIC: [8] Undefined index: shop_url D:\wamp\www\chanyeyuan\Admin\ThinkPHP\Library\Org\Api\ServiceProxy.class.php 第 403 行.
NOTIC: [8] Undefined index: platform_domain D:\wamp\www\chanyeyuan\Admin\ThinkPHP\Library\Org\Api\ServiceProxy.class.php 第 404 行.
NOTIC: [8] Undefined index: TOKEN D:\wamp\www\chanyeyuan\Admin\App\Common\Conf\siteInfo.php 第 19 行.
INFO: [ app_begin ] --START--
INFO: Run Behavior\ReadHtmlCacheBehavior [ RunTime:0.000811s ]
INFO: [ app_begin ] --END-- [ RunTime:0.000891s ]
NOTIC: [2] Yar_Client::setOpt(): expects a long integer timeout value D:\wamp\www\chanyeyuan\Admin\ThinkPHP\Library\Org\Api\ServiceProxy.class.php 第 670 行.
NOTIC: [8] Undefined index: isSuper D:\wamp\www\chanyeyuan\Admin\App\Home\Controller\UserController.class.php 第 99 行.
NOTIC: [8] Undefined index: currentsectionId D:\wamp\www\chanyeyuan\Admin\App\Home\Controller\UserController.class.php 第 104 行.
NOTIC: [8] Use of undefined constant json - assumed 'json' D:\wamp\www\chanyeyuan\Admin\App\Home\Controller\UserController.class.php 第 110 行.

[ 2019-04-25T10:08:23+08:00 ] 192.168.0.199 /u/get_user_info.html?account=admin&password=ec7f92c539ceafc8aab3396a86b3ffb3
INFO: [ app_init ] --START--
INFO: Run Behavior\BuildLiteBehavior [ RunTime:0.000028s ]
INFO: [ app_init ] --END-- [ RunTime:0.001162s ]
NOTIC: [8] Use of undefined constant SELLER_ID - assumed 'SELLER_ID' D:\wamp\www\chanyeyuan\Admin\ThinkPHP\Library\Org\Api\ServiceProxy.class.php 第 277 行.
NOTIC: [8] Use of undefined constant SHOP_ID - assumed 'SHOP_ID' D:\wamp\www\chanyeyuan\Admin\ThinkPHP\Library\Org\Api\ServiceProxy.class.php 第 278 行.
NOTIC: [2] Yar_Client::setOpt(): expects a long integer timeout value D:\wamp\www\chanyeyuan\Admin\ThinkPHP\Library\Org\Api\ServiceProxy.class.php 第 670 行.
NOTIC: [2] Yar_Client::setOpt(): expects a long integer timeout value D:\wamp\www\chanyeyuan\Admin\ThinkPHP\Library\Org\Api\ServiceProxy.class.php 第 670 行.
NOTIC: [8] Undefined index: shop_url D:\wamp\www\chanyeyuan\Admin\ThinkPHP\Library\Org\Api\ServiceProxy.class.php 第 403 行.
NOTIC: [8] Undefined index: platform_domain D:\wamp\www\chanyeyuan\Admin\ThinkPHP\Library\Org\Api\ServiceProxy.class.php 第 404 行.
NOTIC: [8] Undefined index: TOKEN D:\wamp\www\chanyeyuan\Admin\App\Common\Conf\siteInfo.php 第 19 行.
INFO: [ app_begin ] --START--
INFO: Run Behavior\ReadHtmlCacheBehavior [ RunTime:0.000879s ]
INFO: [ app_begin ] --END-- [ RunTime:0.000964s ]
NOTIC: [2] Yar_Client::setOpt(): expects a long integer timeout value D:\wamp\www\chanyeyuan\Admin\ThinkPHP\Library\Org\Api\ServiceProxy.class.php 第 670 行.
NOTIC: [8] Undefined index: isSuper D:\wamp\www\chanyeyuan\Admin\App\Home\Controller\UserController.class.php 第 99 行.
NOTIC: [8] Undefined index: currentsectionId D:\wamp\www\chanyeyuan\Admin\App\Home\Controller\UserController.class.php 第 104 行.
NOTIC: [8] Use of undefined constant json - assumed 'json' D:\wamp\www\chanyeyuan\Admin\App\Home\Controller\UserController.class.php 第 110 行.

[ 2019-04-25T10:11:50+08:00 ] 192.168.0.199 /u/get_user_info.html?account=admin&password=ec7f92c539ceafc8aab3396a86b3ffb3
INFO: [ app_init ] --START--
INFO: Run Behavior\BuildLiteBehavior [ RunTime:0.000023s ]
INFO: [ app_init ] --END-- [ RunTime:0.000692s ]
NOTIC: [8] Use of undefined constant SELLER_ID - assumed 'SELLER_ID' D:\wamp\www\chanyeyuan\Admin\ThinkPHP\Library\Org\Api\ServiceProxy.class.php 第 277 行.
NOTIC: [8] Use of undefined constant SHOP_ID - assumed 'SHOP_ID' D:\wamp\www\chanyeyuan\Admin\ThinkPHP\Library\Org\Api\ServiceProxy.class.php 第 278 行.
NOTIC: [2] Yar_Client::setOpt(): expects a long integer timeout value D:\wamp\www\chanyeyuan\Admin\ThinkPHP\Library\Org\Api\ServiceProxy.class.php 第 670 行.
NOTIC: [2] Yar_Client::setOpt(): expects a long integer timeout value D:\wamp\www\chanyeyuan\Admin\ThinkPHP\Library\Org\Api\ServiceProxy.class.php 第 670 行.
NOTIC: [8] Undefined index: shop_url D:\wamp\www\chanyeyuan\Admin\ThinkPHP\Library\Org\Api\ServiceProxy.class.php 第 403 行.
NOTIC: [8] Undefined index: platform_domain D:\wamp\www\chanyeyuan\Admin\ThinkPHP\Library\Org\Api\ServiceProxy.class.php 第 404 行.
NOTIC: [8] Undefined index: TOKEN D:\wamp\www\chanyeyuan\Admin\App\Common\Conf\siteInfo.php 第 19 行.
INFO: [ app_begin ] --START--
INFO: Run Behavior\ReadHtmlCacheBehavior [ RunTime:0.001187s ]
INFO: [ app_begin ] --END-- [ RunTime:0.001289s ]
NOTIC: [2] Yar_Client::setOpt(): expects a long integer timeout value D:\wamp\www\chanyeyuan\Admin\ThinkPHP\Library\Org\Api\ServiceProxy.class.php 第 670 行.
NOTIC: [8] Undefined index: isSuper D:\wamp\www\chanyeyuan\Admin\App\Home\Controller\UserController.class.php 第 99 行.
NOTIC: [8] Undefined index: currentsectionId D:\wamp\www\chanyeyuan\Admin\App\Home\Controller\UserController.class.php 第 104 行.
NOTIC: [8] Use of undefined constant json - assumed 'json' D:\wamp\www\chanyeyuan\Admin\App\Home\Controller\UserController.class.php 第 110 行.

[ 2019-04-25T10:13:56+08:00 ] 192.168.0.150 /u/get_user_info.html
INFO: [ app_init ] --START--
INFO: Run Behavior\BuildLiteBehavior [ RunTime:0.000016s ]
INFO: [ app_init ] --END-- [ RunTime:0.000606s ]
NOTIC: [8] Use of undefined constant SELLER_ID - assumed 'SELLER_ID' D:\wamp\www\chanyeyuan\Admin\ThinkPHP\Library\Org\Api\ServiceProxy.class.php 第 277 行.
NOTIC: [8] Use of undefined constant SHOP_ID - assumed 'SHOP_ID' D:\wamp\www\chanyeyuan\Admin\ThinkPHP\Library\Org\Api\ServiceProxy.class.php 第 278 行.
NOTIC: [2] Yar_Client::setOpt(): expects a long integer timeout value D:\wamp\www\chanyeyuan\Admin\ThinkPHP\Library\Org\Api\ServiceProxy.class.php 第 670 行.
NOTIC: [2] Yar_Client::setOpt(): expects a long integer timeout value D:\wamp\www\chanyeyuan\Admin\ThinkPHP\Library\Org\Api\ServiceProxy.class.php 第 670 行.
NOTIC: [8] Undefined index: shop_url D:\wamp\www\chanyeyuan\Admin\ThinkPHP\Library\Org\Api\ServiceProxy.class.php 第 403 行.
NOTIC: [8] Undefined index: platform_domain D:\wamp\www\chanyeyuan\Admin\ThinkPHP\Library\Org\Api\ServiceProxy.class.php 第 404 行.
NOTIC: [8] Undefined index: TOKEN D:\wamp\www\chanyeyuan\Admin\App\Common\Conf\siteInfo.php 第 19 行.
INFO: [ app_begin ] --START--
INFO: Run Behavior\ReadHtmlCacheBehavior [ RunTime:0.001083s ]
INFO: [ app_begin ] --END-- [ RunTime:0.001169s ]
NOTIC: [2] Yar_Client::setOpt(): expects a long integer timeout value D:\wamp\www\chanyeyuan\Admin\ThinkPHP\Library\Org\Api\ServiceProxy.class.php 第 670 行.
NOTIC: [8] Undefined index: isSuper D:\wamp\www\chanyeyuan\Admin\App\Home\Controller\UserController.class.php 第 99 行.
NOTIC: [8] Undefined index: currentsectionId D:\wamp\www\chanyeyuan\Admin\App\Home\Controller\UserController.class.php 第 104 行.
NOTIC: [8] Use of undefined constant json - assumed 'json' D:\wamp\www\chanyeyuan\Admin\App\Home\Controller\UserController.class.php 第 110 行.

[ 2019-04-25T10:37:15+08:00 ] 192.168.0.199 /housing/add_save?building_id=2
INFO: [ app_init ] --START--
INFO: Run Behavior\BuildLiteBehavior [ RunTime:0.000046s ]
INFO: [ app_init ] --END-- [ RunTime:0.001298s ]
NOTIC: [8] Use of undefined constant SELLER_ID - assumed 'SELLER_ID' D:\wamp\www\chanyeyuan\Admin\ThinkPHP\Library\Org\Api\ServiceProxy.class.php 第 277 行.
NOTIC: [8] Use of undefined constant SHOP_ID - assumed 'SHOP_ID' D:\wamp\www\chanyeyuan\Admin\ThinkPHP\Library\Org\Api\ServiceProxy.class.php 第 278 行.
NOTIC: [8] Undefined index: site_url D:\wamp\www\chanyeyuan\Admin\App\Common\Common\function.php 第 35 行.
NOTIC: [8] Undefined index: site_url D:\wamp\www\chanyeyuan\Admin\App\Common\Common\function.php 第 35 行.
NOTIC: [2] Yar_Client::setOpt(): expects a long integer timeout value D:\wamp\www\chanyeyuan\Admin\ThinkPHP\Library\Org\Api\ServiceProxy.class.php 第 670 行.
NOTIC: [2] Yar_Client::setOpt(): expects a long integer timeout value D:\wamp\www\chanyeyuan\Admin\ThinkPHP\Library\Org\Api\ServiceProxy.class.php 第 670 行.
NOTIC: [8] Undefined index: site_url D:\wamp\www\chanyeyuan\Admin\App\Common\Common\function.php 第 35 行.
NOTIC: [8] Undefined index: shop_url D:\wamp\www\chanyeyuan\Admin\ThinkPHP\Library\Org\Api\ServiceProxy.class.php 第 403 行.
NOTIC: [8] Undefined index: platform_domain D:\wamp\www\chanyeyuan\Admin\ThinkPHP\Library\Org\Api\ServiceProxy.class.php 第 404 行.
NOTIC: [8] Undefined index: site_url D:\wamp\www\chanyeyuan\Admin\App\Common\Common\function.php 第 35 行.
NOTIC: [8] Undefined index: TOKEN D:\wamp\www\chanyeyuan\Admin\App\Common\Conf\siteInfo.php 第 19 行.
INFO: [ app_begin ] --START--
INFO: Run Behavior\ReadHtmlCacheBehavior [ RunTime:0.001064s ]
INFO: [ app_begin ] --END-- [ RunTime:0.001147s ]

[ 2019-04-25T10:38:38+08:00 ] 192.168.0.199 /housing/add_save?building_id=2&floor=2&unit_num=201&room_num=201-111&area=500.5&decoration_status=1
INFO: [ app_init ] --START--
INFO: Run Behavior\BuildLiteBehavior [ RunTime:0.000016s ]
INFO: [ app_init ] --END-- [ RunTime:0.000677s ]
NOTIC: [8] Use of undefined constant SELLER_ID - assumed 'SELLER_ID' D:\wamp\www\chanyeyuan\Admin\ThinkPHP\Library\Org\Api\ServiceProxy.class.php 第 277 行.
NOTIC: [8] Use of undefined constant SHOP_ID - assumed 'SHOP_ID' D:\wamp\www\chanyeyuan\Admin\ThinkPHP\Library\Org\Api\ServiceProxy.class.php 第 278 行.
NOTIC: [8] Undefined index: site_url D:\wamp\www\chanyeyuan\Admin\App\Common\Common\function.php 第 35 行.
NOTIC: [8] Undefined index: site_url D:\wamp\www\chanyeyuan\Admin\App\Common\Common\function.php 第 35 行.
NOTIC: [2] Yar_Client::setOpt(): expects a long integer timeout value D:\wamp\www\chanyeyuan\Admin\ThinkPHP\Library\Org\Api\ServiceProxy.class.php 第 670 行.
NOTIC: [2] Yar_Client::setOpt(): expects a long integer timeout value D:\wamp\www\chanyeyuan\Admin\ThinkPHP\Library\Org\Api\ServiceProxy.class.php 第 670 行.
NOTIC: [8] Undefined index: site_url D:\wamp\www\chanyeyuan\Admin\App\Common\Common\function.php 第 35 行.
NOTIC: [8] Undefined index: shop_url D:\wamp\www\chanyeyuan\Admin\ThinkPHP\Library\Org\Api\ServiceProxy.class.php 第 403 行.
NOTIC: [8] Undefined index: platform_domain D:\wamp\www\chanyeyuan\Admin\ThinkPHP\Library\Org\Api\ServiceProxy.class.php 第 404 行.
NOTIC: [8] Undefined index: site_url D:\wamp\www\chanyeyuan\Admin\App\Common\Common\function.php 第 35 行.
NOTIC: [8] Undefined index: TOKEN D:\wamp\www\chanyeyuan\Admin\App\Common\Conf\siteInfo.php 第 19 行.
INFO: [ app_begin ] --START--
INFO: Run Behavior\ReadHtmlCacheBehavior [ RunTime:0.001225s ]
INFO: [ app_begin ] --END-- [ RunTime:0.001305s ]

[ 2019-04-25T10:40:13+08:00 ] 192.168.0.199 /housing/add_save?building_id=2&floor=2&unit_num=201&room_num=201-111&area=500.5&decoration_status=1
INFO: [ app_init ] --START--
INFO: Run Behavior\BuildLiteBehavior [ RunTime:0.000017s ]
INFO: [ app_init ] --END-- [ RunTime:0.000648s ]
NOTIC: [8] Use of undefined constant SELLER_ID - assumed 'SELLER_ID' D:\wamp\www\chanyeyuan\Admin\ThinkPHP\Library\Org\Api\ServiceProxy.class.php 第 277 行.
NOTIC: [8] Use of undefined constant SHOP_ID - assumed 'SHOP_ID' D:\wamp\www\chanyeyuan\Admin\ThinkPHP\Library\Org\Api\ServiceProxy.class.php 第 278 行.
NOTIC: [8] Undefined index: site_url D:\wamp\www\chanyeyuan\Admin\App\Common\Common\function.php 第 35 行.
NOTIC: [8] Undefined index: site_url D:\wamp\www\chanyeyuan\Admin\App\Common\Common\function.php 第 35 行.
NOTIC: [2] Yar_Client::setOpt(): expects a long integer timeout value D:\wamp\www\chanyeyuan\Admin\ThinkPHP\Library\Org\Api\ServiceProxy.class.php 第 670 行.
NOTIC: [2] Yar_Client::setOpt(): expects a long integer timeout value D:\wamp\www\chanyeyuan\Admin\ThinkPHP\Library\Org\Api\ServiceProxy.class.php 第 670 行.
NOTIC: [8] Undefined index: site_url D:\wamp\www\chanyeyuan\Admin\App\Common\Common\function.php 第 35 行.
NOTIC: [8] Undefined index: shop_url D:\wamp\www\chanyeyuan\Admin\ThinkPHP\Library\Org\Api\ServiceProxy.class.php 第 403 行.
NOTIC: [8] Undefined index: platform_domain D:\wamp\www\chanyeyuan\Admin\ThinkPHP\Library\Org\Api\ServiceProxy.class.php 第 404 行.
NOTIC: [8] Undefined index: site_url D:\wamp\www\chanyeyuan\Admin\App\Common\Common\function.php 第 35 行.
NOTIC: [8] Undefined index: TOKEN D:\wamp\www\chanyeyuan\Admin\App\Common\Conf\siteInfo.php 第 19 行.
INFO: [ app_begin ] --START--
INFO: Run Behavior\ReadHtmlCacheBehavior [ RunTime:0.001015s ]
INFO: [ app_begin ] --END-- [ RunTime:0.001095s ]

[ 2019-04-25T10:41:02+08:00 ] 192.168.0.199 /housing/add_save?building_id=2&floor=2&unit_num=201&room_num=201-111&area=500.5&decoration_status=1
INFO: [ app_init ] --START--
INFO: Run Behavior\BuildLiteBehavior [ RunTime:0.000016s ]
INFO: [ app_init ] --END-- [ RunTime:0.000601s ]
NOTIC: [8] Use of undefined constant SELLER_ID - assumed 'SELLER_ID' D:\wamp\www\chanyeyuan\Admin\ThinkPHP\Library\Org\Api\ServiceProxy.class.php 第 277 行.
NOTIC: [8] Use of undefined constant SHOP_ID - assumed 'SHOP_ID' D:\wamp\www\chanyeyuan\Admin\ThinkPHP\Library\Org\Api\ServiceProxy.class.php 第 278 行.
NOTIC: [8] Undefined index: site_url D:\wamp\www\chanyeyuan\Admin\App\Common\Common\function.php 第 35 行.
NOTIC: [8] Undefined index: site_url D:\wamp\www\chanyeyuan\Admin\App\Common\Common\function.php 第 35 行.
NOTIC: [2] Yar_Client::setOpt(): expects a long integer timeout value D:\wamp\www\chanyeyuan\Admin\ThinkPHP\Library\Org\Api\ServiceProxy.class.php 第 670 行.
NOTIC: [2] Yar_Client::setOpt(): expects a long integer timeout value D:\wamp\www\chanyeyuan\Admin\ThinkPHP\Library\Org\Api\ServiceProxy.class.php 第 670 行.
NOTIC: [8] Undefined index: site_url D:\wamp\www\chanyeyuan\Admin\App\Common\Common\function.php 第 35 行.
NOTIC: [8] Undefined index: shop_url D:\wamp\www\chanyeyuan\Admin\ThinkPHP\Library\Org\Api\ServiceProxy.class.php 第 403 行.
NOTIC: [8] Undefined index: platform_domain D:\wamp\www\chanyeyuan\Admin\ThinkPHP\Library\Org\Api\ServiceProxy.class.php 第 404 行.
NOTIC: [8] Undefined index: site_url D:\wamp\www\chanyeyuan\Admin\App\Common\Common\function.php 第 35 行.
NOTIC: [8] Undefined index: TOKEN D:\wamp\www\chanyeyuan\Admin\App\Common\Conf\siteInfo.php 第 19 行.
INFO: [ app_begin ] --START--
INFO: Run Behavior\ReadHtmlCacheBehavior [ RunTime:0.001428s ]
INFO: [ app_begin ] --END-- [ RunTime:0.001530s ]
NOTIC: [8] Use of undefined constant intval - assumed 'intval' D:\wamp\www\chanyeyuan\Admin\App\Home\Controller\HousingController.class.php 第 81 行.
NOTIC: [8] Undefined index: site_url D:\wamp\www\chanyeyuan\Admin\App\Common\Common\function.php 第 35 行.
NOTIC: [2] Yar_Client::setOpt(): expects a long integer timeout value D:\wamp\www\chanyeyuan\Admin\ThinkPHP\Library\Org\Api\ServiceProxy.class.php 第 670 行.
NOTIC: [8] Use of undefined constant json - assumed 'json' D:\wamp\www\chanyeyuan\Admin\App\Home\Controller\HousingController.class.php 第 96 行.

[ 2019-04-25T10:41:12+08:00 ] 192.168.0.199 /housing/add_save?building_id=2&floor=2&unit_num=201&room_num=201-111&area=500.5&decoration_status=1
INFO: [ app_init ] --START--
INFO: Run Behavior\BuildLiteBehavior [ RunTime:0.000017s ]
INFO: [ app_init ] --END-- [ RunTime:0.000642s ]
NOTIC: [8] Use of undefined constant SELLER_ID - assumed 'SELLER_ID' D:\wamp\www\chanyeyuan\Admin\ThinkPHP\Library\Org\Api\ServiceProxy.class.php 第 277 行.
NOTIC: [8] Use of undefined constant SHOP_ID - assumed 'SHOP_ID' D:\wamp\www\chanyeyuan\Admin\ThinkPHP\Library\Org\Api\ServiceProxy.class.php 第 278 行.
NOTIC: [8] Undefined index: site_url D:\wamp\www\chanyeyuan\Admin\App\Common\Common\function.php 第 35 行.
NOTIC: [8] Undefined index: site_url D:\wamp\www\chanyeyuan\Admin\App\Common\Common\function.php 第 35 行.
NOTIC: [2] Yar_Client::setOpt(): expects a long integer timeout value D:\wamp\www\chanyeyuan\Admin\ThinkPHP\Library\Org\Api\ServiceProxy.class.php 第 670 行.
NOTIC: [2] Yar_Client::setOpt(): expects a long integer timeout value D:\wamp\www\chanyeyuan\Admin\ThinkPHP\Library\Org\Api\ServiceProxy.class.php 第 670 行.
NOTIC: [8] Undefined index: site_url D:\wamp\www\chanyeyuan\Admin\App\Common\Common\function.php 第 35 行.
NOTIC: [8] Undefined index: shop_url D:\wamp\www\chanyeyuan\Admin\ThinkPHP\Library\Org\Api\ServiceProxy.class.php 第 403 行.
NOTIC: [8] Undefined index: platform_domain D:\wamp\www\chanyeyuan\Admin\ThinkPHP\Library\Org\Api\ServiceProxy.class.php 第 404 行.
NOTIC: [8] Undefined index: site_url D:\wamp\www\chanyeyuan\Admin\App\Common\Common\function.php 第 35 行.
NOTIC: [8] Undefined index: TOKEN D:\wamp\www\chanyeyuan\Admin\App\Common\Conf\siteInfo.php 第 19 行.
INFO: [ app_begin ] --START--
INFO: Run Behavior\ReadHtmlCacheBehavior [ RunTime:0.001017s ]
INFO: [ app_begin ] --END-- [ RunTime:0.001096s ]
NOTIC: [8] Use of undefined constant intval - assumed 'intval' D:\wamp\www\chanyeyuan\Admin\App\Home\Controller\HousingController.class.php 第 81 行.
NOTIC: [8] Undefined index: site_url D:\wamp\www\chanyeyuan\Admin\App\Common\Common\function.php 第 35 行.
NOTIC: [2] Yar_Client::setOpt(): expects a long integer timeout value D:\wamp\www\chanyeyuan\Admin\ThinkPHP\Library\Org\Api\ServiceProxy.class.php 第 670 行.
NOTIC: [8] Use of undefined constant json - assumed 'json' D:\wamp\www\chanyeyuan\Admin\App\Home\Controller\HousingController.class.php 第 96 行.

[ 2019-04-25T10:45:46+08:00 ] 192.168.0.199 /housing/add_save?building_id=2&floor=2&unit_num=201&room_num=201-111&area=500.5&decoration_status=1
INFO: [ app_init ] --START--
INFO: Run Behavior\BuildLiteBehavior [ RunTime:0.000016s ]
INFO: [ app_init ] --END-- [ RunTime:0.000587s ]
NOTIC: [8] Use of undefined constant SELLER_ID - assumed 'SELLER_ID' D:\wamp\www\chanyeyuan\Admin\ThinkPHP\Library\Org\Api\ServiceProxy.class.php 第 277 行.
NOTIC: [8] Use of undefined constant SHOP_ID - assumed 'SHOP_ID' D:\wamp\www\chanyeyuan\Admin\ThinkPHP\Library\Org\Api\ServiceProxy.class.php 第 278 行.
NOTIC: [8] Undefined index: site_url D:\wamp\www\chanyeyuan\Admin\App\Common\Common\function.php 第 35 行.
NOTIC: [8] Undefined index: site_url D:\wamp\www\chanyeyuan\Admin\App\Common\Common\function.php 第 35 行.
NOTIC: [2] Yar_Client::setOpt(): expects a long integer timeout value D:\wamp\www\chanyeyuan\Admin\ThinkPHP\Library\Org\Api\ServiceProxy.class.php 第 670 行.
NOTIC: [2] Yar_Client::setOpt(): expects a long integer timeout value D:\wamp\www\chanyeyuan\Admin\ThinkPHP\Library\Org\Api\ServiceProxy.class.php 第 670 行.
NOTIC: [8] Undefined index: site_url D:\wamp\www\chanyeyuan\Admin\App\Common\Common\function.php 第 35 行.
NOTIC: [8] Undefined index: shop_url D:\wamp\www\chanyeyuan\Admin\ThinkPHP\Library\Org\Api\ServiceProxy.class.php 第 403 行.
NOTIC: [8] Undefined index: platform_domain D:\wamp\www\chanyeyuan\Admin\ThinkPHP\Library\Org\Api\ServiceProxy.class.php 第 404 行.
NOTIC: [8] Undefined index: site_url D:\wamp\www\chanyeyuan\Admin\App\Common\Common\function.php 第 35 行.
NOTIC: [8] Undefined index: TOKEN D:\wamp\www\chanyeyuan\Admin\App\Common\Conf\siteInfo.php 第 19 行.
INFO: [ app_begin ] --START--
INFO: Run Behavior\ReadHtmlCacheBehavior [ RunTime:0.001043s ]
INFO: [ app_begin ] --END-- [ RunTime:0.001125s ]
NOTIC: [8] Use of undefined constant intval - assumed 'intval' D:\wamp\www\chanyeyuan\Admin\App\Home\Controller\HousingController.class.php 第 81 行.
NOTIC: [8] Undefined index: site_url D:\wamp\www\chanyeyuan\Admin\App\Common\Common\function.php 第 35 行.
NOTIC: [2] Yar_Client::setOpt(): expects a long integer timeout value D:\wamp\www\chanyeyuan\Admin\ThinkPHP\Library\Org\Api\ServiceProxy.class.php 第 670 行.
NOTIC: [8] Use of undefined constant json - assumed 'json' D:\wamp\www\chanyeyuan\Admin\App\Home\Controller\HousingController.class.php 第 96 行.

[ 2019-04-25T10:46:28+08:00 ] 192.168.0.199 /housing/add_save?building_id=2&floor=2&unit_num=201&room_num=201-111&area=500.5&decoration_status=1
INFO: [ app_init ] --START--
INFO: Run Behavior\BuildLiteBehavior [ RunTime:0.000017s ]
INFO: [ app_init ] --END-- [ RunTime:0.000603s ]
NOTIC: [8] Use of undefined constant SELLER_ID - assumed 'SELLER_ID' D:\wamp\www\chanyeyuan\Admin\ThinkPHP\Library\Org\Api\ServiceProxy.class.php 第 277 行.
NOTIC: [8] Use of undefined constant SHOP_ID - assumed 'SHOP_ID' D:\wamp\www\chanyeyuan\Admin\ThinkPHP\Library\Org\Api\ServiceProxy.class.php 第 278 行.
NOTIC: [8] Undefined index: site_url D:\wamp\www\chanyeyuan\Admin\App\Common\Common\function.php 第 35 行.
NOTIC: [8] Undefined index: site_url D:\wamp\www\chanyeyuan\Admin\App\Common\Common\function.php 第 35 行.
NOTIC: [2] Yar_Client::setOpt(): expects a long integer timeout value D:\wamp\www\chanyeyuan\Admin\ThinkPHP\Library\Org\Api\ServiceProxy.class.php 第 670 行.
NOTIC: [2] Yar_Client::setOpt(): expects a long integer timeout value D:\wamp\www\chanyeyuan\Admin\ThinkPHP\Library\Org\Api\ServiceProxy.class.php 第 670 行.
NOTIC: [8] Undefined index: site_url D:\wamp\www\chanyeyuan\Admin\App\Common\Common\function.php 第 35 行.
NOTIC: [8] Undefined index: shop_url D:\wamp\www\chanyeyuan\Admin\ThinkPHP\Library\Org\Api\ServiceProxy.class.php 第 403 行.
NOTIC: [8] Undefined index: platform_domain D:\wamp\www\chanyeyuan\Admin\ThinkPHP\Library\Org\Api\ServiceProxy.class.php 第 404 行.
NOTIC: [8] Undefined index: site_url D:\wamp\www\chanyeyuan\Admin\App\Common\Common\function.php 第 35 行.
NOTIC: [8] Undefined index: TOKEN D:\wamp\www\chanyeyuan\Admin\App\Common\Conf\siteInfo.php 第 19 行.
INFO: [ app_begin ] --START--
INFO: Run Behavior\ReadHtmlCacheBehavior [ RunTime:0.001357s ]
INFO: [ app_begin ] --END-- [ RunTime:0.001473s ]
NOTIC: [8] Use of undefined constant intval - assumed 'intval' D:\wamp\www\chanyeyuan\Admin\App\Home\Controller\HousingController.class.php 第 81 行.
NOTIC: [8] Undefined index: site_url D:\wamp\www\chanyeyuan\Admin\App\Common\Common\function.php 第 35 行.
NOTIC: [2] Yar_Client::setOpt(): expects a long integer timeout value D:\wamp\www\chanyeyuan\Admin\ThinkPHP\Library\Org\Api\ServiceProxy.class.php 第 670 行.
NOTIC: [8] Use of undefined constant json - assumed 'json' D:\wamp\www\chanyeyuan\Admin\App\Home\Controller\HousingController.class.php 第 96 行.

[ 2019-04-25T10:46:47+08:00 ] 192.168.0.199 /housing/add_save?building_id=2&floor=2&unit_num=201&room_num=201-111&area=500.5&decoration_status=1
INFO: [ app_init ] --START--
INFO: Run Behavior\BuildLiteBehavior [ RunTime:0.000018s ]
INFO: [ app_init ] --END-- [ RunTime:0.000633s ]
NOTIC: [8] Use of undefined constant SELLER_ID - assumed 'SELLER_ID' D:\wamp\www\chanyeyuan\Admin\ThinkPHP\Library\Org\Api\ServiceProxy.class.php 第 277 行.
NOTIC: [8] Use of undefined constant SHOP_ID - assumed 'SHOP_ID' D:\wamp\www\chanyeyuan\Admin\ThinkPHP\Library\Org\Api\ServiceProxy.class.php 第 278 行.
NOTIC: [8] Undefined index: site_url D:\wamp\www\chanyeyuan\Admin\App\Common\Common\function.php 第 35 行.
NOTIC: [8] Undefined index: site_url D:\wamp\www\chanyeyuan\Admin\App\Common\Common\function.php 第 35 行.
NOTIC: [2] Yar_Client::setOpt(): expects a long integer timeout value D:\wamp\www\chanyeyuan\Admin\ThinkPHP\Library\Org\Api\ServiceProxy.class.php 第 670 行.
NOTIC: [2] Yar_Client::setOpt(): expects a long integer timeout value D:\wamp\www\chanyeyuan\Admin\ThinkPHP\Library\Org\Api\ServiceProxy.class.php 第 670 行.
NOTIC: [8] Undefined index: site_url D:\wamp\www\chanyeyuan\Admin\App\Common\Common\function.php 第 35 行.
NOTIC: [8] Undefined index: shop_url D:\wamp\www\chanyeyuan\Admin\ThinkPHP\Library\Org\Api\ServiceProxy.class.php 第 403 行.
NOTIC: [8] Undefined index: platform_domain D:\wamp\www\chanyeyuan\Admin\ThinkPHP\Library\Org\Api\ServiceProxy.class.php 第 404 行.
NOTIC: [8] Undefined index: site_url D:\wamp\www\chanyeyuan\Admin\App\Common\Common\function.php 第 35 行.
NOTIC: [8] Undefined index: TOKEN D:\wamp\www\chanyeyuan\Admin\App\Common\Conf\siteInfo.php 第 19 行.
INFO: [ app_begin ] --START--
INFO: Run Behavior\ReadHtmlCacheBehavior [ RunTime:0.001409s ]
INFO: [ app_begin ] --END-- [ RunTime:0.001535s ]
NOTIC: [8] Use of undefined constant intval - assumed 'intval' D:\wamp\www\chanyeyuan\Admin\App\Home\Controller\HousingController.class.php 第 81 行.
NOTIC: [8] Undefined index: site_url D:\wamp\www\chanyeyuan\Admin\App\Common\Common\function.php 第 35 行.
NOTIC: [2] Yar_Client::setOpt(): expects a long integer timeout value D:\wamp\www\chanyeyuan\Admin\ThinkPHP\Library\Org\Api\ServiceProxy.class.php 第 670 行.
NOTIC: [8] Use of undefined constant json - assumed 'json' D:\wamp\www\chanyeyuan\Admin\App\Home\Controller\HousingController.class.php 第 96 行.

[ 2019-04-25T10:47:19+08:00 ] 192.168.0.199 /housing/add_save?building_id=2&floor=2&unit_num=201&room_num=201-111&area=500.5&decoration_status=1
INFO: [ app_init ] --START--
INFO: Run Behavior\BuildLiteBehavior [ RunTime:0.000017s ]
INFO: [ app_init ] --END-- [ RunTime:0.000626s ]
NOTIC: [8] Use of undefined constant SELLER_ID - assumed 'SELLER_ID' D:\wamp\www\chanyeyuan\Admin\ThinkPHP\Library\Org\Api\ServiceProxy.class.php 第 277 行.
NOTIC: [8] Use of undefined constant SHOP_ID - assumed 'SHOP_ID' D:\wamp\www\chanyeyuan\Admin\ThinkPHP\Library\Org\Api\ServiceProxy.class.php 第 278 行.
NOTIC: [8] Undefined index: site_url D:\wamp\www\chanyeyuan\Admin\App\Common\Common\function.php 第 35 行.
NOTIC: [8] Undefined index: site_url D:\wamp\www\chanyeyuan\Admin\App\Common\Common\function.php 第 35 行.
NOTIC: [2] Yar_Client::setOpt(): expects a long integer timeout value D:\wamp\www\chanyeyuan\Admin\ThinkPHP\Library\Org\Api\ServiceProxy.class.php 第 670 行.
NOTIC: [2] Yar_Client::setOpt(): expects a long integer timeout value D:\wamp\www\chanyeyuan\Admin\ThinkPHP\Library\Org\Api\ServiceProxy.class.php 第 670 行.
NOTIC: [8] Undefined index: site_url D:\wamp\www\chanyeyuan\Admin\App\Common\Common\function.php 第 35 行.
NOTIC: [8] Undefined index: shop_url D:\wamp\www\chanyeyuan\Admin\ThinkPHP\Library\Org\Api\ServiceProxy.class.php 第 403 行.
NOTIC: [8] Undefined index: platform_domain D:\wamp\www\chanyeyuan\Admin\ThinkPHP\Library\Org\Api\ServiceProxy.class.php 第 404 行.
NOTIC: [8] Undefined index: site_url D:\wamp\www\chanyeyuan\Admin\App\Common\Common\function.php 第 35 行.
NOTIC: [8] Undefined index: TOKEN D:\wamp\www\chanyeyuan\Admin\App\Common\Conf\siteInfo.php 第 19 行.
INFO: [ app_begin ] --START--
INFO: Run Behavior\ReadHtmlCacheBehavior [ RunTime:0.001055s ]
INFO: [ app_begin ] --END-- [ RunTime:0.001135s ]
NOTIC: [8] Use of undefined constant intval - assumed 'intval' D:\wamp\www\chanyeyuan\Admin\App\Home\Controller\HousingController.class.php 第 81 行.
NOTIC: [8] Undefined index: site_url D:\wamp\www\chanyeyuan\Admin\App\Common\Common\function.php 第 35 行.
NOTIC: [2] Yar_Client::setOpt(): expects a long integer timeout value D:\wamp\www\chanyeyuan\Admin\ThinkPHP\Library\Org\Api\ServiceProxy.class.php 第 670 行.
NOTIC: [8] Use of undefined constant json - assumed 'json' D:\wamp\www\chanyeyuan\Admin\App\Home\Controller\HousingController.class.php 第 97 行.

[ 2019-04-25T10:47:50+08:00 ] 192.168.0.199 /housing/add_save?building_id=2&floor=2&unit_num=201&room_num=201-111&area=500.5&decoration_status=1
INFO: [ app_init ] --START--
INFO: Run Behavior\BuildLiteBehavior [ RunTime:0.000019s ]
INFO: [ app_init ] --END-- [ RunTime:0.000746s ]
NOTIC: [8] Use of undefined constant SELLER_ID - assumed 'SELLER_ID' D:\wamp\www\chanyeyuan\Admin\ThinkPHP\Library\Org\Api\ServiceProxy.class.php 第 277 行.
NOTIC: [8] Use of undefined constant SHOP_ID - assumed 'SHOP_ID' D:\wamp\www\chanyeyuan\Admin\ThinkPHP\Library\Org\Api\ServiceProxy.class.php 第 278 行.
NOTIC: [8] Undefined index: site_url D:\wamp\www\chanyeyuan\Admin\App\Common\Common\function.php 第 35 行.
NOTIC: [8] Undefined index: site_url D:\wamp\www\chanyeyuan\Admin\App\Common\Common\function.php 第 35 行.
NOTIC: [2] Yar_Client::setOpt(): expects a long integer timeout value D:\wamp\www\chanyeyuan\Admin\ThinkPHP\Library\Org\Api\ServiceProxy.class.php 第 670 行.
NOTIC: [2] Yar_Client::setOpt(): expects a long integer timeout value D:\wamp\www\chanyeyuan\Admin\ThinkPHP\Library\Org\Api\ServiceProxy.class.php 第 670 行.
NOTIC: [8] Undefined index: site_url D:\wamp\www\chanyeyuan\Admin\App\Common\Common\function.php 第 35 行.
NOTIC: [8] Undefined index: shop_url D:\wamp\www\chanyeyuan\Admin\ThinkPHP\Library\Org\Api\ServiceProxy.class.php 第 403 行.
NOTIC: [8] Undefined index: platform_domain D:\wamp\www\chanyeyuan\Admin\ThinkPHP\Library\Org\Api\ServiceProxy.class.php 第 404 行.
NOTIC: [8] Undefined index: site_url D:\wamp\www\chanyeyuan\Admin\App\Common\Common\function.php 第 35 行.
NOTIC: [8] Undefined index: TOKEN D:\wamp\www\chanyeyuan\Admin\App\Common\Conf\siteInfo.php 第 19 行.
INFO: [ app_begin ] --START--
INFO: Run Behavior\ReadHtmlCacheBehavior [ RunTime:0.001023s ]
INFO: [ app_begin ] --END-- [ RunTime:0.001107s ]
NOTIC: [8] Use of undefined constant intval - assumed 'intval' D:\wamp\www\chanyeyuan\Admin\App\Home\Controller\HousingController.class.php 第 82 行.
NOTIC: [8] Undefined index: site_url D:\wamp\www\chanyeyuan\Admin\App\Common\Common\function.php 第 35 行.
NOTIC: [2] Yar_Client::setOpt(): expects a long integer timeout value D:\wamp\www\chanyeyuan\Admin\ThinkPHP\Library\Org\Api\ServiceProxy.class.php 第 670 行.
NOTIC: [8] Use of undefined constant json - assumed 'json' D:\wamp\www\chanyeyuan\Admin\App\Home\Controller\HousingController.class.php 第 97 行.
NOTIC: [2] Cannot modify header information - headers already sent by (output started at D:\wamp\www\chanyeyuan\Admin\ThinkPHP\Library\Org\Api\ServiceProxy.class.php:988) D:\wamp\www\chanyeyuan\Admin\ThinkPHP\Library\Think\Controller.class.php 第 227 行.

[ 2019-04-25T10:48:24+08:00 ] 192.168.0.199 /housing/add_save?building_id=2&floor=2&unit_num=201&room_num=201-111&area=500.5&decoration_status=1
INFO: [ app_init ] --START--
INFO: Run Behavior\BuildLiteBehavior [ RunTime:0.000016s ]
INFO: [ app_init ] --END-- [ RunTime:0.000664s ]
NOTIC: [8] Use of undefined constant SELLER_ID - assumed 'SELLER_ID' D:\wamp\www\chanyeyuan\Admin\ThinkPHP\Library\Org\Api\ServiceProxy.class.php 第 277 行.
NOTIC: [8] Use of undefined constant SHOP_ID - assumed 'SHOP_ID' D:\wamp\www\chanyeyuan\Admin\ThinkPHP\Library\Org\Api\ServiceProxy.class.php 第 278 行.
NOTIC: [8] Undefined index: site_url D:\wamp\www\chanyeyuan\Admin\App\Common\Common\function.php 第 35 行.
NOTIC: [8] Undefined index: site_url D:\wamp\www\chanyeyuan\Admin\App\Common\Common\function.php 第 35 行.
NOTIC: [2] Yar_Client::setOpt(): expects a long integer timeout value D:\wamp\www\chanyeyuan\Admin\ThinkPHP\Library\Org\Api\ServiceProxy.class.php 第 670 行.
NOTIC: [2] Yar_Client::setOpt(): expects a long integer timeout value D:\wamp\www\chanyeyuan\Admin\ThinkPHP\Library\Org\Api\ServiceProxy.class.php 第 670 行.
NOTIC: [8] Undefined index: site_url D:\wamp\www\chanyeyuan\Admin\App\Common\Common\function.php 第 35 行.
NOTIC: [8] Undefined index: shop_url D:\wamp\www\chanyeyuan\Admin\ThinkPHP\Library\Org\Api\ServiceProxy.class.php 第 403 行.
NOTIC: [8] Undefined index: platform_domain D:\wamp\www\chanyeyuan\Admin\ThinkPHP\Library\Org\Api\ServiceProxy.class.php 第 404 行.
NOTIC: [8] Undefined index: site_url D:\wamp\www\chanyeyuan\Admin\App\Common\Common\function.php 第 35 行.
NOTIC: [8] Undefined index: TOKEN D:\wamp\www\chanyeyuan\Admin\App\Common\Conf\siteInfo.php 第 19 行.
INFO: [ app_begin ] --START--
INFO: Run Behavior\ReadHtmlCacheBehavior [ RunTime:0.001074s ]
INFO: [ app_begin ] --END-- [ RunTime:0.001159s ]
NOTIC: [8] Use of undefined constant intval - assumed 'intval' D:\wamp\www\chanyeyuan\Admin\App\Home\Controller\HousingController.class.php 第 82 行.
NOTIC: [8] Undefined index: site_url D:\wamp\www\chanyeyuan\Admin\App\Common\Common\function.php 第 35 行.
NOTIC: [2] Yar_Client::setOpt(): expects a long integer timeout value D:\wamp\www\chanyeyuan\Admin\ThinkPHP\Library\Org\Api\ServiceProxy.class.php 第 670 行.
NOTIC: [8] Use of undefined constant json - assumed 'json' D:\wamp\www\chanyeyuan\Admin\App\Home\Controller\HousingController.class.php 第 97 行.

[ 2019-04-25T10:49:05+08:00 ] 192.168.0.199 /housing/add_save?building_id=2&floor=2&unit_num=201&room_num=201-111&area=500.5&decoration_status=1
INFO: [ app_init ] --START--
INFO: Run Behavior\BuildLiteBehavior [ RunTime:0.000016s ]
INFO: [ app_init ] --END-- [ RunTime:0.000635s ]
NOTIC: [8] Use of undefined constant SELLER_ID - assumed 'SELLER_ID' D:\wamp\www\chanyeyuan\Admin\ThinkPHP\Library\Org\Api\ServiceProxy.class.php 第 277 行.
NOTIC: [8] Use of undefined constant SHOP_ID - assumed 'SHOP_ID' D:\wamp\www\chanyeyuan\Admin\ThinkPHP\Library\Org\Api\ServiceProxy.class.php 第 278 行.
NOTIC: [8] Undefined index: site_url D:\wamp\www\chanyeyuan\Admin\App\Common\Common\function.php 第 35 行.
NOTIC: [8] Undefined index: site_url D:\wamp\www\chanyeyuan\Admin\App\Common\Common\function.php 第 35 行.
NOTIC: [2] Yar_Client::setOpt(): expects a long integer timeout value D:\wamp\www\chanyeyuan\Admin\ThinkPHP\Library\Org\Api\ServiceProxy.class.php 第 670 行.
NOTIC: [2] Yar_Client::setOpt(): expects a long integer timeout value D:\wamp\www\chanyeyuan\Admin\ThinkPHP\Library\Org\Api\ServiceProxy.class.php 第 670 行.
NOTIC: [8] Undefined index: site_url D:\wamp\www\chanyeyuan\Admin\App\Common\Common\function.php 第 35 行.
NOTIC: [8] Undefined index: shop_url D:\wamp\www\chanyeyuan\Admin\ThinkPHP\Library\Org\Api\ServiceProxy.class.php 第 403 行.
NOTIC: [8] Undefined index: platform_domain D:\wamp\www\chanyeyuan\Admin\ThinkPHP\Library\Org\Api\ServiceProxy.class.php 第 404 行.
NOTIC: [8] Undefined index: site_url D:\wamp\www\chanyeyuan\Admin\App\Common\Common\function.php 第 35 行.
NOTIC: [8] Undefined index: TOKEN D:\wamp\www\chanyeyuan\Admin\App\Common\Conf\siteInfo.php 第 19 行.
INFO: [ app_begin ] --START--
INFO: Run Behavior\ReadHtmlCacheBehavior [ RunTime:0.001005s ]
INFO: [ app_begin ] --END-- [ RunTime:0.001088s ]
NOTIC: [8] Use of undefined constant intval - assumed 'intval' D:\wamp\www\chanyeyuan\Admin\App\Home\Controller\HousingController.class.php 第 82 行.
NOTIC: [8] Undefined index: site_url D:\wamp\www\chanyeyuan\Admin\App\Common\Common\function.php 第 35 行.
NOTIC: [2] Yar_Client::setOpt(): expects a long integer timeout value D:\wamp\www\chanyeyuan\Admin\ThinkPHP\Library\Org\Api\ServiceProxy.class.php 第 670 行.
NOTIC: [8] Undefined index: base_service D:\wamp\www\chanyeyuan\Admin\App\Home\Controller\HousingController.class.php 第 94 行.
NOTIC: [8] Use of undefined constant json - assumed 'json' D:\wamp\www\chanyeyuan\Admin\App\Home\Controller\HousingController.class.php 第 97 行.

[ 2019-04-25T11:26:02+08:00 ] 192.168.0.199 /housing/add_save?building_id=2&floor=2&unit_num=201&room_num=201-111&area=500.5&decoration_status=1
INFO: [ app_init ] --START--
INFO: Run Behavior\BuildLiteBehavior [ RunTime:0.000015s ]
INFO: [ app_init ] --END-- [ RunTime:0.000631s ]
NOTIC: [8] Use of undefined constant SELLER_ID - assumed 'SELLER_ID' D:\wamp\www\chanyeyuan\Admin\ThinkPHP\Library\Org\Api\ServiceProxy.class.php 第 277 行.
NOTIC: [8] Use of undefined constant SHOP_ID - assumed 'SHOP_ID' D:\wamp\www\chanyeyuan\Admin\ThinkPHP\Library\Org\Api\ServiceProxy.class.php 第 278 行.
NOTIC: [8] Undefined index: site_url D:\wamp\www\chanyeyuan\Admin\App\Common\Common\function.php 第 35 行.
NOTIC: [8] Undefined index: site_url D:\wamp\www\chanyeyuan\Admin\App\Common\Common\function.php 第 35 行.
NOTIC: [2] Yar_Client::setOpt(): expects a long integer timeout value D:\wamp\www\chanyeyuan\Admin\ThinkPHP\Library\Org\Api\ServiceProxy.class.php 第 670 行.
NOTIC: [2] Yar_Client::setOpt(): expects a long integer timeout value D:\wamp\www\chanyeyuan\Admin\ThinkPHP\Library\Org\Api\ServiceProxy.class.php 第 670 行.
NOTIC: [8] Undefined index: site_url D:\wamp\www\chanyeyuan\Admin\App\Common\Common\function.php 第 35 行.
NOTIC: [8] Undefined index: shop_url D:\wamp\www\chanyeyuan\Admin\ThinkPHP\Library\Org\Api\ServiceProxy.class.php 第 403 行.
NOTIC: [8] Undefined index: platform_domain D:\wamp\www\chanyeyuan\Admin\ThinkPHP\Library\Org\Api\ServiceProxy.class.php 第 404 行.
NOTIC: [8] Undefined index: site_url D:\wamp\www\chanyeyuan\Admin\App\Common\Common\function.php 第 35 行.
NOTIC: [8] Undefined index: TOKEN D:\wamp\www\chanyeyuan\Admin\App\Common\Conf\siteInfo.php 第 19 行.
INFO: [ app_begin ] --START--
INFO: Run Behavior\ReadHtmlCacheBehavior [ RunTime:0.001195s ]
INFO: [ app_begin ] --END-- [ RunTime:0.001298s ]
NOTIC: [8] Use of undefined constant intval - assumed 'intval' D:\wamp\www\chanyeyuan\Admin\App\Home\Controller\HousingController.class.php 第 82 行.
NOTIC: [8] Undefined index: site_url D:\wamp\www\chanyeyuan\Admin\App\Common\Common\function.php 第 35 行.
NOTIC: [2] Yar_Client::setOpt(): expects a long integer timeout value D:\wamp\www\chanyeyuan\Admin\ThinkPHP\Library\Org\Api\ServiceProxy.class.php 第 670 行.
NOTIC: [8] Use of undefined constant json - assumed 'json' D:\wamp\www\chanyeyuan\Admin\App\Home\Controller\HousingController.class.php 第 97 行.

[ 2019-04-25T11:26:44+08:00 ] 192.168.0.199 /housing/add_save?building_id=2&floor=2&unit_num=201&room_num=201-111&area=500.5&decoration_status=1
INFO: [ app_init ] --START--
INFO: Run Behavior\BuildLiteBehavior [ RunTime:0.000018s ]
INFO: [ app_init ] --END-- [ RunTime:0.000598s ]
NOTIC: [8] Use of undefined constant SELLER_ID - assumed 'SELLER_ID' D:\wamp\www\chanyeyuan\Admin\ThinkPHP\Library\Org\Api\ServiceProxy.class.php 第 277 行.
NOTIC: [8] Use of undefined constant SHOP_ID - assumed 'SHOP_ID' D:\wamp\www\chanyeyuan\Admin\ThinkPHP\Library\Org\Api\ServiceProxy.class.php 第 278 行.
NOTIC: [8] Undefined index: site_url D:\wamp\www\chanyeyuan\Admin\App\Common\Common\function.php 第 35 行.
NOTIC: [8] Undefined index: site_url D:\wamp\www\chanyeyuan\Admin\App\Common\Common\function.php 第 35 行.
NOTIC: [2] Yar_Client::setOpt(): expects a long integer timeout value D:\wamp\www\chanyeyuan\Admin\ThinkPHP\Library\Org\Api\ServiceProxy.class.php 第 670 行.
NOTIC: [2] Yar_Client::setOpt(): expects a long integer timeout value D:\wamp\www\chanyeyuan\Admin\ThinkPHP\Library\Org\Api\ServiceProxy.class.php 第 670 行.
NOTIC: [8] Undefined index: site_url D:\wamp\www\chanyeyuan\Admin\App\Common\Common\function.php 第 35 行.
NOTIC: [8] Undefined index: shop_url D:\wamp\www\chanyeyuan\Admin\ThinkPHP\Library\Org\Api\ServiceProxy.class.php 第 403 行.
NOTIC: [8] Undefined index: platform_domain D:\wamp\www\chanyeyuan\Admin\ThinkPHP\Library\Org\Api\ServiceProxy.class.php 第 404 行.
NOTIC: [8] Undefined index: site_url D:\wamp\www\chanyeyuan\Admin\App\Common\Common\function.php 第 35 行.
NOTIC: [8] Undefined index: TOKEN D:\wamp\www\chanyeyuan\Admin\App\Common\Conf\siteInfo.php 第 19 行.
INFO: [ app_begin ] --START--
INFO: Run Behavior\ReadHtmlCacheBehavior [ RunTime:0.000994s ]
INFO: [ app_begin ] --END-- [ RunTime:0.001075s ]
NOTIC: [8] Use of undefined constant intval - assumed 'intval' D:\wamp\www\chanyeyuan\Admin\App\Home\Controller\HousingController.class.php 第 82 行.
NOTIC: [8] Undefined index: site_url D:\wamp\www\chanyeyuan\Admin\App\Common\Common\function.php 第 35 行.
NOTIC: [2] Yar_Client::setOpt(): expects a long integer timeout value D:\wamp\www\chanyeyuan\Admin\ThinkPHP\Library\Org\Api\ServiceProxy.class.php 第 670 行.
NOTIC: [8] Use of undefined constant json - assumed 'json' D:\wamp\www\chanyeyuan\Admin\App\Home\Controller\HousingController.class.php 第 97 行.
NOTIC: [2] Cannot modify header information - headers already sent by (output started at D:\wamp\www\chanyeyuan\Admin\ThinkPHP\Library\Org\Api\ServiceProxy.class.php:988) D:\wamp\www\chanyeyuan\Admin\ThinkPHP\Library\Think\Controller.class.php 第 227 行.

[ 2019-04-25T11:27:08+08:00 ] 192.168.0.199 /housing/add_save?building_id=2&floor=2&unit_num=201&room_num=201-111&area=500.5&decoration_status=1
INFO: [ app_init ] --START--
INFO: Run Behavior\BuildLiteBehavior [ RunTime:0.000017s ]
INFO: [ app_init ] --END-- [ RunTime:0.000593s ]
NOTIC: [8] Use of undefined constant SELLER_ID - assumed 'SELLER_ID' D:\wamp\www\chanyeyuan\Admin\ThinkPHP\Library\Org\Api\ServiceProxy.class.php 第 277 行.
NOTIC: [8] Use of undefined constant SHOP_ID - assumed 'SHOP_ID' D:\wamp\www\chanyeyuan\Admin\ThinkPHP\Library\Org\Api\ServiceProxy.class.php 第 278 行.
NOTIC: [8] Undefined index: site_url D:\wamp\www\chanyeyuan\Admin\App\Common\Common\function.php 第 35 行.
NOTIC: [8] Undefined index: site_url D:\wamp\www\chanyeyuan\Admin\App\Common\Common\function.php 第 35 行.
NOTIC: [2] Yar_Client::setOpt(): expects a long integer timeout value D:\wamp\www\chanyeyuan\Admin\ThinkPHP\Library\Org\Api\ServiceProxy.class.php 第 670 行.
NOTIC: [2] Yar_Client::setOpt(): expects a long integer timeout value D:\wamp\www\chanyeyuan\Admin\ThinkPHP\Library\Org\Api\ServiceProxy.class.php 第 670 行.
NOTIC: [8] Undefined index: site_url D:\wamp\www\chanyeyuan\Admin\App\Common\Common\function.php 第 35 行.
NOTIC: [8] Undefined index: shop_url D:\wamp\www\chanyeyuan\Admin\ThinkPHP\Library\Org\Api\ServiceProxy.class.php 第 403 行.
NOTIC: [8] Undefined index: platform_domain D:\wamp\www\chanyeyuan\Admin\ThinkPHP\Library\Org\Api\ServiceProxy.class.php 第 404 行.
NOTIC: [8] Undefined index: site_url D:\wamp\www\chanyeyuan\Admin\App\Common\Common\function.php 第 35 行.
NOTIC: [8] Undefined index: TOKEN D:\wamp\www\chanyeyuan\Admin\App\Common\Conf\siteInfo.php 第 19 行.
INFO: [ app_begin ] --START--
INFO: Run Behavior\ReadHtmlCacheBehavior [ RunTime:0.000996s ]
INFO: [ app_begin ] --END-- [ RunTime:0.001077s ]
NOTIC: [8] Use of undefined constant intval - assumed 'intval' D:\wamp\www\chanyeyuan\Admin\App\Home\Controller\HousingController.class.php 第 82 行.
NOTIC: [8] Undefined index: site_url D:\wamp\www\chanyeyuan\Admin\App\Common\Common\function.php 第 35 行.
NOTIC: [2] Yar_Client::setOpt(): expects a long integer timeout value D:\wamp\www\chanyeyuan\Admin\ThinkPHP\Library\Org\Api\ServiceProxy.class.php 第 670 行.
NOTIC: [8] Undefined index: base_service D:\wamp\www\chanyeyuan\Admin\App\Home\Controller\HousingController.class.php 第 94 行.
NOTIC: [8] Use of undefined constant json - assumed 'json' D:\wamp\www\chanyeyuan\Admin\App\Home\Controller\HousingController.class.php 第 97 行.

[ 2019-04-25T12:26:36+08:00 ] 192.168.0.199 /housing/add_save?building_id=2&floor=2&unit_num=201&room_num=201-111&area=500.5&decoration_status=1
INFO: [ app_init ] --START--
INFO: Run Behavior\BuildLiteBehavior [ RunTime:0.000018s ]
INFO: [ app_init ] --END-- [ RunTime:0.000610s ]
NOTIC: [8] Use of undefined constant SELLER_ID - assumed 'SELLER_ID' D:\wamp\www\chanyeyuan\Admin\ThinkPHP\Library\Org\Api\ServiceProxy.class.php 第 277 行.
NOTIC: [8] Use of undefined constant SHOP_ID - assumed 'SHOP_ID' D:\wamp\www\chanyeyuan\Admin\ThinkPHP\Library\Org\Api\ServiceProxy.class.php 第 278 行.
NOTIC: [8] Undefined index: site_url D:\wamp\www\chanyeyuan\Admin\App\Common\Common\function.php 第 35 行.
NOTIC: [8] Undefined index: site_url D:\wamp\www\chanyeyuan\Admin\App\Common\Common\function.php 第 35 行.
NOTIC: [2] Yar_Client::setOpt(): expects a long integer timeout value D:\wamp\www\chanyeyuan\Admin\ThinkPHP\Library\Org\Api\ServiceProxy.class.php 第 670 行.
NOTIC: [2] Yar_Client::setOpt(): expects a long integer timeout value D:\wamp\www\chanyeyuan\Admin\ThinkPHP\Library\Org\Api\ServiceProxy.class.php 第 670 行.
NOTIC: [8] Undefined index: site_url D:\wamp\www\chanyeyuan\Admin\App\Common\Common\function.php 第 35 行.
NOTIC: [8] Undefined index: shop_url D:\wamp\www\chanyeyuan\Admin\ThinkPHP\Library\Org\Api\ServiceProxy.class.php 第 403 行.
NOTIC: [8] Undefined index: platform_domain D:\wamp\www\chanyeyuan\Admin\ThinkPHP\Library\Org\Api\ServiceProxy.class.php 第 404 行.
NOTIC: [8] Undefined index: site_url D:\wamp\www\chanyeyuan\Admin\App\Common\Common\function.php 第 35 行.
NOTIC: [8] Undefined index: TOKEN D:\wamp\www\chanyeyuan\Admin\App\Common\Conf\siteInfo.php 第 19 行.
INFO: [ app_begin ] --START--
INFO: Run Behavior\ReadHtmlCacheBehavior [ RunTime:0.001042s ]
INFO: [ app_begin ] --END-- [ RunTime:0.001123s ]
NOTIC: [8] Use of undefined constant intval - assumed 'intval' D:\wamp\www\chanyeyuan\Admin\App\Home\Controller\HousingController.class.php 第 82 行.
NOTIC: [8] Undefined index: site_url D:\wamp\www\chanyeyuan\Admin\App\Common\Common\function.php 第 35 行.
NOTIC: [2] Yar_Client::setOpt(): expects a long integer timeout value D:\wamp\www\chanyeyuan\Admin\ThinkPHP\Library\Org\Api\ServiceProxy.class.php 第 670 行.
NOTIC: [8] Undefined index: base_service D:\wamp\www\chanyeyuan\Admin\App\Home\Controller\HousingController.class.php 第 94 行.
NOTIC: [8] Use of undefined constant json - assumed 'json' D:\wamp\www\chanyeyuan\Admin\App\Home\Controller\HousingController.class.php 第 97 行.

[ 2019-04-25T12:27:32+08:00 ] 192.168.0.199 /housing/delete?building_id=2&floor=2&unit_num=201&room_num=201-111&area=500.5&decoration_status=1
INFO: [ app_init ] --START--
INFO: Run Behavior\BuildLiteBehavior [ RunTime:0.000017s ]
INFO: [ app_init ] --END-- [ RunTime:0.000566s ]
NOTIC: [8] Use of undefined constant SELLER_ID - assumed 'SELLER_ID' D:\wamp\www\chanyeyuan\Admin\ThinkPHP\Library\Org\Api\ServiceProxy.class.php 第 277 行.
NOTIC: [8] Use of undefined constant SHOP_ID - assumed 'SHOP_ID' D:\wamp\www\chanyeyuan\Admin\ThinkPHP\Library\Org\Api\ServiceProxy.class.php 第 278 行.
NOTIC: [8] Undefined index: site_url D:\wamp\www\chanyeyuan\Admin\App\Common\Common\function.php 第 35 行.
NOTIC: [8] Undefined index: site_url D:\wamp\www\chanyeyuan\Admin\App\Common\Common\function.php 第 35 行.
NOTIC: [2] Yar_Client::setOpt(): expects a long integer timeout value D:\wamp\www\chanyeyuan\Admin\ThinkPHP\Library\Org\Api\ServiceProxy.class.php 第 670 行.
NOTIC: [2] Yar_Client::setOpt(): expects a long integer timeout value D:\wamp\www\chanyeyuan\Admin\ThinkPHP\Library\Org\Api\ServiceProxy.class.php 第 670 行.
NOTIC: [8] Undefined index: site_url D:\wamp\www\chanyeyuan\Admin\App\Common\Common\function.php 第 35 行.
NOTIC: [8] Undefined index: shop_url D:\wamp\www\chanyeyuan\Admin\ThinkPHP\Library\Org\Api\ServiceProxy.class.php 第 403 行.
NOTIC: [8] Undefined index: platform_domain D:\wamp\www\chanyeyuan\Admin\ThinkPHP\Library\Org\Api\ServiceProxy.class.php 第 404 行.
NOTIC: [8] Undefined index: site_url D:\wamp\www\chanyeyuan\Admin\App\Common\Common\function.php 第 35 行.
NOTIC: [8] Undefined index: TOKEN D:\wamp\www\chanyeyuan\Admin\App\Common\Conf\siteInfo.php 第 19 行.
INFO: [ app_begin ] --START--
INFO: Run Behavior\ReadHtmlCacheBehavior [ RunTime:0.000998s ]
INFO: [ app_begin ] --END-- [ RunTime:0.001081s ]
NOTIC: [8] Undefined index: site_url D:\wamp\www\chanyeyuan\Admin\App\Common\Common\function.php 第 35 行.
NOTIC: [2] Yar_Client::setOpt(): expects a long integer timeout value D:\wamp\www\chanyeyuan\Admin\ThinkPHP\Library\Org\Api\ServiceProxy.class.php 第 670 行.
NOTIC: [8] Use of undefined constant json - assumed 'json' D:\wamp\www\chanyeyuan\Admin\App\Home\Controller\HousingController.class.php 第 132 行.

[ 2019-04-25T12:31:51+08:00 ] 192.168.0.199 /housing/delete?building_id=2&floor=2&unit_num=201&room_num=201-111&area=500.5&decoration_status=1
INFO: [ app_init ] --START--
INFO: Run Behavior\BuildLiteBehavior [ RunTime:0.000017s ]
INFO: [ app_init ] --END-- [ RunTime:0.000580s ]
NOTIC: [8] Use of undefined constant SELLER_ID - assumed 'SELLER_ID' D:\wamp\www\chanyeyuan\Admin\ThinkPHP\Library\Org\Api\ServiceProxy.class.php 第 277 行.
NOTIC: [8] Use of undefined constant SHOP_ID - assumed 'SHOP_ID' D:\wamp\www\chanyeyuan\Admin\ThinkPHP\Library\Org\Api\ServiceProxy.class.php 第 278 行.
NOTIC: [8] Undefined index: site_url D:\wamp\www\chanyeyuan\Admin\App\Common\Common\function.php 第 35 行.
NOTIC: [8] Undefined index: site_url D:\wamp\www\chanyeyuan\Admin\App\Common\Common\function.php 第 35 行.
NOTIC: [2] Yar_Client::setOpt(): expects a long integer timeout value D:\wamp\www\chanyeyuan\Admin\ThinkPHP\Library\Org\Api\ServiceProxy.class.php 第 670 行.
NOTIC: [2] Yar_Client::setOpt(): expects a long integer timeout value D:\wamp\www\chanyeyuan\Admin\ThinkPHP\Library\Org\Api\ServiceProxy.class.php 第 670 行.
NOTIC: [8] Undefined index: site_url D:\wamp\www\chanyeyuan\Admin\App\Common\Common\function.php 第 35 行.
NOTIC: [8] Undefined index: shop_url D:\wamp\www\chanyeyuan\Admin\ThinkPHP\Library\Org\Api\ServiceProxy.class.php 第 403 行.
NOTIC: [8] Undefined index: platform_domain D:\wamp\www\chanyeyuan\Admin\ThinkPHP\Library\Org\Api\ServiceProxy.class.php 第 404 行.
NOTIC: [8] Undefined index: site_url D:\wamp\www\chanyeyuan\Admin\App\Common\Common\function.php 第 35 行.
NOTIC: [8] Undefined index: TOKEN D:\wamp\www\chanyeyuan\Admin\App\Common\Conf\siteInfo.php 第 19 行.
INFO: [ app_begin ] --START--
INFO: Run Behavior\ReadHtmlCacheBehavior [ RunTime:0.001046s ]
INFO: [ app_begin ] --END-- [ RunTime:0.001127s ]
NOTIC: [8] Undefined index: site_url D:\wamp\www\chanyeyuan\Admin\App\Common\Common\function.php 第 35 行.
NOTIC: [2] Yar_Client::setOpt(): expects a long integer timeout value D:\wamp\www\chanyeyuan\Admin\ThinkPHP\Library\Org\Api\ServiceProxy.class.php 第 670 行.
NOTIC: [8] Use of undefined constant json - assumed 'json' D:\wamp\www\chanyeyuan\Admin\App\Home\Controller\HousingController.class.php 第 132 行.

[ 2019-04-25T12:32:22+08:00 ] 192.168.0.199 /housing/delete?building_id=2&floor=2&unit_num=201&room_num=201-111&area=500.5&decoration_status=1
INFO: [ app_init ] --START--
INFO: Run Behavior\BuildLiteBehavior [ RunTime:0.000016s ]
INFO: [ app_init ] --END-- [ RunTime:0.000585s ]
NOTIC: [8] Use of undefined constant SELLER_ID - assumed 'SELLER_ID' D:\wamp\www\chanyeyuan\Admin\ThinkPHP\Library\Org\Api\ServiceProxy.class.php 第 277 行.
NOTIC: [8] Use of undefined constant SHOP_ID - assumed 'SHOP_ID' D:\wamp\www\chanyeyuan\Admin\ThinkPHP\Library\Org\Api\ServiceProxy.class.php 第 278 行.
NOTIC: [8] Undefined index: site_url D:\wamp\www\chanyeyuan\Admin\App\Common\Common\function.php 第 35 行.
NOTIC: [8] Undefined index: site_url D:\wamp\www\chanyeyuan\Admin\App\Common\Common\function.php 第 35 行.
NOTIC: [2] Yar_Client::setOpt(): expects a long integer timeout value D:\wamp\www\chanyeyuan\Admin\ThinkPHP\Library\Org\Api\ServiceProxy.class.php 第 670 行.
NOTIC: [2] Yar_Client::setOpt(): expects a long integer timeout value D:\wamp\www\chanyeyuan\Admin\ThinkPHP\Library\Org\Api\ServiceProxy.class.php 第 670 行.
NOTIC: [8] Undefined index: site_url D:\wamp\www\chanyeyuan\Admin\App\Common\Common\function.php 第 35 行.
NOTIC: [8] Undefined index: shop_url D:\wamp\www\chanyeyuan\Admin\ThinkPHP\Library\Org\Api\ServiceProxy.class.php 第 403 行.
NOTIC: [8] Undefined index: platform_domain D:\wamp\www\chanyeyuan\Admin\ThinkPHP\Library\Org\Api\ServiceProxy.class.php 第 404 行.
NOTIC: [8] Undefined index: site_url D:\wamp\www\chanyeyuan\Admin\App\Common\Common\function.php 第 35 行.
NOTIC: [8] Undefined index: TOKEN D:\wamp\www\chanyeyuan\Admin\App\Common\Conf\siteInfo.php 第 19 行.
INFO: [ app_begin ] --START--
INFO: Run Behavior\ReadHtmlCacheBehavior [ RunTime:0.001019s ]
INFO: [ app_begin ] --END-- [ RunTime:0.001106s ]
NOTIC: [8] Undefined index: site_url D:\wamp\www\chanyeyuan\Admin\App\Common\Common\function.php 第 35 行.
NOTIC: [2] Yar_Client::setOpt(): expects a long integer timeout value D:\wamp\www\chanyeyuan\Admin\ThinkPHP\Library\Org\Api\ServiceProxy.class.php 第 670 行.
NOTIC: [8] Use of undefined constant json - assumed 'json' D:\wamp\www\chanyeyuan\Admin\App\Home\Controller\HousingController.class.php 第 132 行.

[ 2019-04-25T12:33:35+08:00 ] 192.168.0.199 /housing/delete?building_id=2&floor=2&unit_num=201&room_num=201-111&area=500.5&decoration_status=1
INFO: [ app_init ] --START--
INFO: Run Behavior\BuildLiteBehavior [ RunTime:0.000019s ]
INFO: [ app_init ] --END-- [ RunTime:0.000739s ]
NOTIC: [8] Use of undefined constant SELLER_ID - assumed 'SELLER_ID' D:\wamp\www\chanyeyuan\Admin\ThinkPHP\Library\Org\Api\ServiceProxy.class.php 第 277 行.
NOTIC: [8] Use of undefined constant SHOP_ID - assumed 'SHOP_ID' D:\wamp\www\chanyeyuan\Admin\ThinkPHP\Library\Org\Api\ServiceProxy.class.php 第 278 行.
NOTIC: [8] Undefined index: site_url D:\wamp\www\chanyeyuan\Admin\App\Common\Common\function.php 第 35 行.
NOTIC: [8] Undefined index: site_url D:\wamp\www\chanyeyuan\Admin\App\Common\Common\function.php 第 35 行.
NOTIC: [2] Yar_Client::setOpt(): expects a long integer timeout value D:\wamp\www\chanyeyuan\Admin\ThinkPHP\Library\Org\Api\ServiceProxy.class.php 第 670 行.
NOTIC: [2] Yar_Client::setOpt(): expects a long integer timeout value D:\wamp\www\chanyeyuan\Admin\ThinkPHP\Library\Org\Api\ServiceProxy.class.php 第 670 行.
NOTIC: [8] Undefined index: site_url D:\wamp\www\chanyeyuan\Admin\App\Common\Common\function.php 第 35 行.
NOTIC: [8] Undefined index: shop_url D:\wamp\www\chanyeyuan\Admin\ThinkPHP\Library\Org\Api\ServiceProxy.class.php 第 403 行.
NOTIC: [8] Undefined index: platform_domain D:\wamp\www\chanyeyuan\Admin\ThinkPHP\Library\Org\Api\ServiceProxy.class.php 第 404 行.
NOTIC: [8] Undefined index: site_url D:\wamp\www\chanyeyuan\Admin\App\Common\Common\function.php 第 35 行.
NOTIC: [8] Undefined index: TOKEN D:\wamp\www\chanyeyuan\Admin\App\Common\Conf\siteInfo.php 第 19 行.
INFO: [ app_begin ] --START--
INFO: Run Behavior\ReadHtmlCacheBehavior [ RunTime:0.000986s ]
INFO: [ app_begin ] --END-- [ RunTime:0.001068s ]
NOTIC: [8] Undefined index: site_url D:\wamp\www\chanyeyuan\Admin\App\Common\Common\function.php 第 35 行.
NOTIC: [2] Yar_Client::setOpt(): expects a long integer timeout value D:\wamp\www\chanyeyuan\Admin\ThinkPHP\Library\Org\Api\ServiceProxy.class.php 第 670 行.
NOTIC: [8] Use of undefined constant json - assumed 'json' D:\wamp\www\chanyeyuan\Admin\App\Home\Controller\HousingController.class.php 第 132 行.

[ 2019-04-25T12:34:33+08:00 ] 192.168.0.199 /housing/delete?building_id=2&floor=2&unit_num=201&room_num=201-111&area=500.5&decoration_status=1
INFO: [ app_init ] --START--
INFO: Run Behavior\BuildLiteBehavior [ RunTime:0.000040s ]
INFO: [ app_init ] --END-- [ RunTime:0.000611s ]
NOTIC: [8] Use of undefined constant SELLER_ID - assumed 'SELLER_ID' D:\wamp\www\chanyeyuan\Admin\ThinkPHP\Library\Org\Api\ServiceProxy.class.php 第 277 行.
NOTIC: [8] Use of undefined constant SHOP_ID - assumed 'SHOP_ID' D:\wamp\www\chanyeyuan\Admin\ThinkPHP\Library\Org\Api\ServiceProxy.class.php 第 278 行.
NOTIC: [8] Undefined index: site_url D:\wamp\www\chanyeyuan\Admin\App\Common\Common\function.php 第 35 行.
NOTIC: [8] Undefined index: site_url D:\wamp\www\chanyeyuan\Admin\App\Common\Common\function.php 第 35 行.
NOTIC: [2] Yar_Client::setOpt(): expects a long integer timeout value D:\wamp\www\chanyeyuan\Admin\ThinkPHP\Library\Org\Api\ServiceProxy.class.php 第 670 行.
NOTIC: [2] Yar_Client::setOpt(): expects a long integer timeout value D:\wamp\www\chanyeyuan\Admin\ThinkPHP\Library\Org\Api\ServiceProxy.class.php 第 670 行.
NOTIC: [8] Undefined index: site_url D:\wamp\www\chanyeyuan\Admin\App\Common\Common\function.php 第 35 行.
NOTIC: [8] Undefined index: shop_url D:\wamp\www\chanyeyuan\Admin\ThinkPHP\Library\Org\Api\ServiceProxy.class.php 第 403 行.
NOTIC: [8] Undefined index: platform_domain D:\wamp\www\chanyeyuan\Admin\ThinkPHP\Library\Org\Api\ServiceProxy.class.php 第 404 行.
NOTIC: [8] Undefined index: site_url D:\wamp\www\chanyeyuan\Admin\App\Common\Common\function.php 第 35 行.
NOTIC: [8] Undefined index: TOKEN D:\wamp\www\chanyeyuan\Admin\App\Common\Conf\siteInfo.php 第 19 行.
INFO: [ app_begin ] --START--
INFO: Run Behavior\ReadHtmlCacheBehavior [ RunTime:0.001023s ]
INFO: [ app_begin ] --END-- [ RunTime:0.001103s ]

[ 2019-04-25T12:34:46+08:00 ] 192.168.0.199 /housing/delete?building_id=2&floor=2&unit_num=201&room_num=201-111&area=500.5&decoration_status=1
INFO: [ app_init ] --START--
INFO: Run Behavior\BuildLiteBehavior [ RunTime:0.000016s ]
INFO: [ app_init ] --END-- [ RunTime:0.000564s ]
NOTIC: [8] Use of undefined constant SELLER_ID - assumed 'SELLER_ID' D:\wamp\www\chanyeyuan\Admin\ThinkPHP\Library\Org\Api\ServiceProxy.class.php 第 277 行.
NOTIC: [8] Use of undefined constant SHOP_ID - assumed 'SHOP_ID' D:\wamp\www\chanyeyuan\Admin\ThinkPHP\Library\Org\Api\ServiceProxy.class.php 第 278 行.
NOTIC: [8] Undefined index: site_url D:\wamp\www\chanyeyuan\Admin\App\Common\Common\function.php 第 35 行.
NOTIC: [8] Undefined index: site_url D:\wamp\www\chanyeyuan\Admin\App\Common\Common\function.php 第 35 行.
NOTIC: [2] Yar_Client::setOpt(): expects a long integer timeout value D:\wamp\www\chanyeyuan\Admin\ThinkPHP\Library\Org\Api\ServiceProxy.class.php 第 670 行.
NOTIC: [2] Yar_Client::setOpt(): expects a long integer timeout value D:\wamp\www\chanyeyuan\Admin\ThinkPHP\Library\Org\Api\ServiceProxy.class.php 第 670 行.
NOTIC: [8] Undefined index: site_url D:\wamp\www\chanyeyuan\Admin\App\Common\Common\function.php 第 35 行.
NOTIC: [8] Undefined index: shop_url D:\wamp\www\chanyeyuan\Admin\ThinkPHP\Library\Org\Api\ServiceProxy.class.php 第 403 行.
NOTIC: [8] Undefined index: platform_domain D:\wamp\www\chanyeyuan\Admin\ThinkPHP\Library\Org\Api\ServiceProxy.class.php 第 404 行.
NOTIC: [8] Undefined index: site_url D:\wamp\www\chanyeyuan\Admin\App\Common\Common\function.php 第 35 行.
NOTIC: [8] Undefined index: TOKEN D:\wamp\www\chanyeyuan\Admin\App\Common\Conf\siteInfo.php 第 19 行.
INFO: [ app_begin ] --START--
INFO: Run Behavior\ReadHtmlCacheBehavior [ RunTime:0.001016s ]
INFO: [ app_begin ] --END-- [ RunTime:0.001098s ]
NOTIC: [8] Undefined index: site_url D:\wamp\www\chanyeyuan\Admin\App\Common\Common\function.php 第 35 行.
NOTIC: [2] Yar_Client::setOpt(): expects a long integer timeout value D:\wamp\www\chanyeyuan\Admin\ThinkPHP\Library\Org\Api\ServiceProxy.class.php 第 670 行.
NOTIC: [8] Use of undefined constant json - assumed 'json' D:\wamp\www\chanyeyuan\Admin\App\Home\Controller\HousingController.class.php 第 132 行.

[ 2019-04-25T12:36:59+08:00 ] 192.168.0.199 /housing/delete?building_id=2&floor=2&unit_num=201&room_num=201-111&area=500.5&decoration_status=1
INFO: [ app_init ] --START--
INFO: Run Behavior\BuildLiteBehavior [ RunTime:0.000017s ]
INFO: [ app_init ] --END-- [ RunTime:0.000658s ]
NOTIC: [8] Use of undefined constant SELLER_ID - assumed 'SELLER_ID' D:\wamp\www\chanyeyuan\Admin\ThinkPHP\Library\Org\Api\ServiceProxy.class.php 第 277 行.
NOTIC: [8] Use of undefined constant SHOP_ID - assumed 'SHOP_ID' D:\wamp\www\chanyeyuan\Admin\ThinkPHP\Library\Org\Api\ServiceProxy.class.php 第 278 行.
NOTIC: [8] Undefined index: site_url D:\wamp\www\chanyeyuan\Admin\App\Common\Common\function.php 第 35 行.
NOTIC: [8] Undefined index: site_url D:\wamp\www\chanyeyuan\Admin\App\Common\Common\function.php 第 35 行.
NOTIC: [2] Yar_Client::setOpt(): expects a long integer timeout value D:\wamp\www\chanyeyuan\Admin\ThinkPHP\Library\Org\Api\ServiceProxy.class.php 第 670 行.
NOTIC: [2] Yar_Client::setOpt(): expects a long integer timeout value D:\wamp\www\chanyeyuan\Admin\ThinkPHP\Library\Org\Api\ServiceProxy.class.php 第 670 行.
NOTIC: [8] Undefined index: site_url D:\wamp\www\chanyeyuan\Admin\App\Common\Common\function.php 第 35 行.
NOTIC: [8] Undefined index: shop_url D:\wamp\www\chanyeyuan\Admin\ThinkPHP\Library\Org\Api\ServiceProxy.class.php 第 403 行.
NOTIC: [8] Undefined index: platform_domain D:\wamp\www\chanyeyuan\Admin\ThinkPHP\Library\Org\Api\ServiceProxy.class.php 第 404 行.
NOTIC: [8] Undefined index: site_url D:\wamp\www\chanyeyuan\Admin\App\Common\Common\function.php 第 35 行.
NOTIC: [8] Undefined index: TOKEN D:\wamp\www\chanyeyuan\Admin\App\Common\Conf\siteInfo.php 第 19 行.
INFO: [ app_begin ] --START--
INFO: Run Behavior\ReadHtmlCacheBehavior [ RunTime:0.001139s ]
INFO: [ app_begin ] --END-- [ RunTime:0.001234s ]
NOTIC: [8] Undefined index: site_url D:\wamp\www\chanyeyuan\Admin\App\Common\Common\function.php 第 35 行.
NOTIC: [2] Yar_Client::setOpt(): expects a long integer timeout value D:\wamp\www\chanyeyuan\Admin\ThinkPHP\Library\Org\Api\ServiceProxy.class.php 第 670 行.
NOTIC: [8] Use of undefined constant json - assumed 'json' D:\wamp\www\chanyeyuan\Admin\App\Home\Controller\HousingController.class.php 第 132 行.

[ 2019-04-25T12:46:21+08:00 ] 192.168.0.199 /housing/housing_list?building_id=2&floor=2&unit_num=201&room_num=201-111&area=500.5&decoration_status=1
INFO: [ app_init ] --START--
INFO: Run Behavior\BuildLiteBehavior [ RunTime:0.000023s ]
INFO: [ app_init ] --END-- [ RunTime:0.001090s ]
NOTIC: [8] Use of undefined constant SELLER_ID - assumed 'SELLER_ID' D:\wamp\www\chanyeyuan\Admin\ThinkPHP\Library\Org\Api\ServiceProxy.class.php 第 277 行.
NOTIC: [8] Use of undefined constant SHOP_ID - assumed 'SHOP_ID' D:\wamp\www\chanyeyuan\Admin\ThinkPHP\Library\Org\Api\ServiceProxy.class.php 第 278 行.
NOTIC: [8] Undefined index: site_url D:\wamp\www\chanyeyuan\Admin\App\Common\Common\function.php 第 35 行.
NOTIC: [8] Undefined index: site_url D:\wamp\www\chanyeyuan\Admin\App\Common\Common\function.php 第 35 行.
NOTIC: [2] Yar_Client::setOpt(): expects a long integer timeout value D:\wamp\www\chanyeyuan\Admin\ThinkPHP\Library\Org\Api\ServiceProxy.class.php 第 670 行.
NOTIC: [2] Yar_Client::setOpt(): expects a long integer timeout value D:\wamp\www\chanyeyuan\Admin\ThinkPHP\Library\Org\Api\ServiceProxy.class.php 第 670 行.
NOTIC: [8] Undefined index: site_url D:\wamp\www\chanyeyuan\Admin\App\Common\Common\function.php 第 35 行.
NOTIC: [8] Undefined index: shop_url D:\wamp\www\chanyeyuan\Admin\ThinkPHP\Library\Org\Api\ServiceProxy.class.php 第 403 行.
NOTIC: [8] Undefined index: platform_domain D:\wamp\www\chanyeyuan\Admin\ThinkPHP\Library\Org\Api\ServiceProxy.class.php 第 404 行.
NOTIC: [8] Undefined index: site_url D:\wamp\www\chanyeyuan\Admin\App\Common\Common\function.php 第 35 行.
NOTIC: [8] Undefined index: TOKEN D:\wamp\www\chanyeyuan\Admin\App\Common\Conf\siteInfo.php 第 19 行.
INFO: [ app_begin ] --START--
INFO: Run Behavior\ReadHtmlCacheBehavior [ RunTime:0.001258s ]
INFO: [ app_begin ] --END-- [ RunTime:0.001338s ]
NOTIC: [8] Undefined index: search_type D:\wamp\www\chanyeyuan\Admin\App\Home\Controller\HousingController.class.php 第 30 行.
NOTIC: [8] Undefined index: site_url D:\wamp\www\chanyeyuan\Admin\App\Common\Common\function.php 第 35 行.
NOTIC: [2] Yar_Client::setOpt(): expects a long integer timeout value D:\wamp\www\chanyeyuan\Admin\ThinkPHP\Library\Org\Api\ServiceProxy.class.php 第 670 行.

[ 2019-04-25T12:46:29+08:00 ] 192.168.0.199 /housing/housing_list?building_id=2&floor=2&unit_num=201&room_num=201-111&area=500.5&decoration_status=1
INFO: [ app_init ] --START--
INFO: Run Behavior\BuildLiteBehavior [ RunTime:0.000054s ]
INFO: [ app_init ] --END-- [ RunTime:0.001444s ]
NOTIC: [8] Use of undefined constant SELLER_ID - assumed 'SELLER_ID' D:\wamp\www\chanyeyuan\Admin\ThinkPHP\Library\Org\Api\ServiceProxy.class.php 第 277 行.
NOTIC: [8] Use of undefined constant SHOP_ID - assumed 'SHOP_ID' D:\wamp\www\chanyeyuan\Admin\ThinkPHP\Library\Org\Api\ServiceProxy.class.php 第 278 行.
NOTIC: [8] Undefined index: site_url D:\wamp\www\chanyeyuan\Admin\App\Common\Common\function.php 第 35 行.
NOTIC: [8] Undefined index: site_url D:\wamp\www\chanyeyuan\Admin\App\Common\Common\function.php 第 35 行.
NOTIC: [2] Yar_Client::setOpt(): expects a long integer timeout value D:\wamp\www\chanyeyuan\Admin\ThinkPHP\Library\Org\Api\ServiceProxy.class.php 第 670 行.
NOTIC: [2] Yar_Client::setOpt(): expects a long integer timeout value D:\wamp\www\chanyeyuan\Admin\ThinkPHP\Library\Org\Api\ServiceProxy.class.php 第 670 行.
NOTIC: [8] Undefined index: site_url D:\wamp\www\chanyeyuan\Admin\App\Common\Common\function.php 第 35 行.
NOTIC: [8] Undefined index: shop_url D:\wamp\www\chanyeyuan\Admin\ThinkPHP\Library\Org\Api\ServiceProxy.class.php 第 403 行.
NOTIC: [8] Undefined index: platform_domain D:\wamp\www\chanyeyuan\Admin\ThinkPHP\Library\Org\Api\ServiceProxy.class.php 第 404 行.
NOTIC: [8] Undefined index: site_url D:\wamp\www\chanyeyuan\Admin\App\Common\Common\function.php 第 35 行.
NOTIC: [8] Undefined index: TOKEN D:\wamp\www\chanyeyuan\Admin\App\Common\Conf\siteInfo.php 第 19 行.
INFO: [ app_begin ] --START--
INFO: Run Behavior\ReadHtmlCacheBehavior [ RunTime:0.001295s ]
INFO: [ app_begin ] --END-- [ RunTime:0.001386s ]
NOTIC: [8] Undefined index: search_type D:\wamp\www\chanyeyuan\Admin\App\Home\Controller\HousingController.class.php 第 30 行.
NOTIC: [8] Undefined index: site_url D:\wamp\www\chanyeyuan\Admin\App\Common\Common\function.php 第 35 行.
NOTIC: [2] Yar_Client::setOpt(): expects a long integer timeout value D:\wamp\www\chanyeyuan\Admin\ThinkPHP\Library\Org\Api\ServiceProxy.class.php 第 670 行.

[ 2019-04-25T12:50:29+08:00 ] 192.168.0.199 /housing/housing_list?building_id=2&floor=2&unit_num=201&room_num=201-111&area=500.5&decoration_status=1
INFO: [ app_init ] --START--
INFO: Run Behavior\BuildLiteBehavior [ RunTime:0.000018s ]
INFO: [ app_init ] --END-- [ RunTime:0.000698s ]
NOTIC: [8] Use of undefined constant SELLER_ID - assumed 'SELLER_ID' D:\wamp\www\chanyeyuan\Admin\ThinkPHP\Library\Org\Api\ServiceProxy.class.php 第 277 行.
NOTIC: [8] Use of undefined constant SHOP_ID - assumed 'SHOP_ID' D:\wamp\www\chanyeyuan\Admin\ThinkPHP\Library\Org\Api\ServiceProxy.class.php 第 278 行.
NOTIC: [8] Undefined index: site_url D:\wamp\www\chanyeyuan\Admin\App\Common\Common\function.php 第 35 行.
NOTIC: [8] Undefined index: site_url D:\wamp\www\chanyeyuan\Admin\App\Common\Common\function.php 第 35 行.
NOTIC: [2] Yar_Client::setOpt(): expects a long integer timeout value D:\wamp\www\chanyeyuan\Admin\ThinkPHP\Library\Org\Api\ServiceProxy.class.php 第 670 行.
NOTIC: [2] Yar_Client::setOpt(): expects a long integer timeout value D:\wamp\www\chanyeyuan\Admin\ThinkPHP\Library\Org\Api\ServiceProxy.class.php 第 670 行.
NOTIC: [8] Undefined index: site_url D:\wamp\www\chanyeyuan\Admin\App\Common\Common\function.php 第 35 行.
NOTIC: [8] Undefined index: shop_url D:\wamp\www\chanyeyuan\Admin\ThinkPHP\Library\Org\Api\ServiceProxy.class.php 第 403 行.
NOTIC: [8] Undefined index: platform_domain D:\wamp\www\chanyeyuan\Admin\ThinkPHP\Library\Org\Api\ServiceProxy.class.php 第 404 行.
NOTIC: [8] Undefined index: site_url D:\wamp\www\chanyeyuan\Admin\App\Common\Common\function.php 第 35 行.
NOTIC: [8] Undefined index: TOKEN D:\wamp\www\chanyeyuan\Admin\App\Common\Conf\siteInfo.php 第 19 行.
INFO: [ app_begin ] --START--
INFO: Run Behavior\ReadHtmlCacheBehavior [ RunTime:0.001433s ]
INFO: [ app_begin ] --END-- [ RunTime:0.001525s ]
NOTIC: [8] Undefined index: search_type D:\wamp\www\chanyeyuan\Admin\App\Home\Controller\HousingController.class.php 第 30 行.
NOTIC: [8] Undefined index: site_url D:\wamp\www\chanyeyuan\Admin\App\Common\Common\function.php 第 35 行.
NOTIC: [2] Yar_Client::setOpt(): expects a long integer timeout value D:\wamp\www\chanyeyuan\Admin\ThinkPHP\Library\Org\Api\ServiceProxy.class.php 第 670 行.
NOTIC: [8] Undefined index: recordcount D:\wamp\www\chanyeyuan\Admin\App\Home\Controller\HousingController.class.php 第 56 行.
NOTIC: [8] Undefined index: time_limit D:\wamp\www\chanyeyuan\Admin\App\Home\Controller\HousingController.class.php 第 57 行.
NOTIC: [8] Undefined index: data D:\wamp\www\chanyeyuan\Admin\App\Home\Controller\HousingController.class.php 第 59 行.
NOTIC: [2] Cannot modify header information - headers already sent by (output started at D:\wamp\www\chanyeyuan\Admin\ThinkPHP\Library\Org\Api\ServiceProxy.class.php:988) D:\wamp\www\chanyeyuan\Admin\ThinkPHP\Library\Think\Controller.class.php 第 227 行.

[ 2019-04-25T12:50:47+08:00 ] 192.168.0.199 /housing/housing_list?building_id=2&floor=2&unit_num=201&room_num=201-111&area=500.5&decoration_status=1
INFO: [ app_init ] --START--
INFO: Run Behavior\BuildLiteBehavior [ RunTime:0.000017s ]
INFO: [ app_init ] --END-- [ RunTime:0.000625s ]
NOTIC: [8] Use of undefined constant SELLER_ID - assumed 'SELLER_ID' D:\wamp\www\chanyeyuan\Admin\ThinkPHP\Library\Org\Api\ServiceProxy.class.php 第 277 行.
NOTIC: [8] Use of undefined constant SHOP_ID - assumed 'SHOP_ID' D:\wamp\www\chanyeyuan\Admin\ThinkPHP\Library\Org\Api\ServiceProxy.class.php 第 278 行.
NOTIC: [8] Undefined index: site_url D:\wamp\www\chanyeyuan\Admin\App\Common\Common\function.php 第 35 行.
NOTIC: [8] Undefined index: site_url D:\wamp\www\chanyeyuan\Admin\App\Common\Common\function.php 第 35 行.
NOTIC: [2] Yar_Client::setOpt(): expects a long integer timeout value D:\wamp\www\chanyeyuan\Admin\ThinkPHP\Library\Org\Api\ServiceProxy.class.php 第 670 行.
NOTIC: [2] Yar_Client::setOpt(): expects a long integer timeout value D:\wamp\www\chanyeyuan\Admin\ThinkPHP\Library\Org\Api\ServiceProxy.class.php 第 670 行.
NOTIC: [8] Undefined index: site_url D:\wamp\www\chanyeyuan\Admin\App\Common\Common\function.php 第 35 行.
NOTIC: [8] Undefined index: shop_url D:\wamp\www\chanyeyuan\Admin\ThinkPHP\Library\Org\Api\ServiceProxy.class.php 第 403 行.
NOTIC: [8] Undefined index: platform_domain D:\wamp\www\chanyeyuan\Admin\ThinkPHP\Library\Org\Api\ServiceProxy.class.php 第 404 行.
NOTIC: [8] Undefined index: site_url D:\wamp\www\chanyeyuan\Admin\App\Common\Common\function.php 第 35 行.
NOTIC: [8] Undefined index: TOKEN D:\wamp\www\chanyeyuan\Admin\App\Common\Conf\siteInfo.php 第 19 行.
INFO: [ app_begin ] --START--
INFO: Run Behavior\ReadHtmlCacheBehavior [ RunTime:0.001067s ]
INFO: [ app_begin ] --END-- [ RunTime:0.001147s ]
NOTIC: [8] Undefined index: search_type D:\wamp\www\chanyeyuan\Admin\App\Home\Controller\HousingController.class.php 第 30 行.
NOTIC: [8] Undefined index: site_url D:\wamp\www\chanyeyuan\Admin\App\Common\Common\function.php 第 35 行.
NOTIC: [2] Yar_Client::setOpt(): expects a long integer timeout value D:\wamp\www\chanyeyuan\Admin\ThinkPHP\Library\Org\Api\ServiceProxy.class.php 第 670 行.

[ 2019-04-25T12:52:06+08:00 ] 192.168.0.199 /housing/housing_list?building_id=2&floor=2&unit_num=201&room_num=201-111&area=500.5&decoration_status=1
INFO: [ app_init ] --START--
INFO: Run Behavior\BuildLiteBehavior [ RunTime:0.000017s ]
INFO: [ app_init ] --END-- [ RunTime:0.000571s ]
NOTIC: [8] Use of undefined constant SELLER_ID - assumed 'SELLER_ID' D:\wamp\www\chanyeyuan\Admin\ThinkPHP\Library\Org\Api\ServiceProxy.class.php 第 277 行.
NOTIC: [8] Use of undefined constant SHOP_ID - assumed 'SHOP_ID' D:\wamp\www\chanyeyuan\Admin\ThinkPHP\Library\Org\Api\ServiceProxy.class.php 第 278 行.
NOTIC: [8] Undefined index: site_url D:\wamp\www\chanyeyuan\Admin\App\Common\Common\function.php 第 35 行.
NOTIC: [8] Undefined index: site_url D:\wamp\www\chanyeyuan\Admin\App\Common\Common\function.php 第 35 行.
NOTIC: [2] Yar_Client::setOpt(): expects a long integer timeout value D:\wamp\www\chanyeyuan\Admin\ThinkPHP\Library\Org\Api\ServiceProxy.class.php 第 670 行.
NOTIC: [2] Yar_Client::setOpt(): expects a long integer timeout value D:\wamp\www\chanyeyuan\Admin\ThinkPHP\Library\Org\Api\ServiceProxy.class.php 第 670 行.
NOTIC: [8] Undefined index: site_url D:\wamp\www\chanyeyuan\Admin\App\Common\Common\function.php 第 35 行.
NOTIC: [8] Undefined index: shop_url D:\wamp\www\chanyeyuan\Admin\ThinkPHP\Library\Org\Api\ServiceProxy.class.php 第 403 行.
NOTIC: [8] Undefined index: platform_domain D:\wamp\www\chanyeyuan\Admin\ThinkPHP\Library\Org\Api\ServiceProxy.class.php 第 404 行.
NOTIC: [8] Undefined index: site_url D:\wamp\www\chanyeyuan\Admin\App\Common\Common\function.php 第 35 行.
NOTIC: [8] Undefined index: TOKEN D:\wamp\www\chanyeyuan\Admin\App\Common\Conf\siteInfo.php 第 19 行.
INFO: [ app_begin ] --START--
INFO: Run Behavior\ReadHtmlCacheBehavior [ RunTime:0.000983s ]
INFO: [ app_begin ] --END-- [ RunTime:0.001061s ]
NOTIC: [8] Undefined index: search_type D:\wamp\www\chanyeyuan\Admin\App\Home\Controller\HousingController.class.php 第 30 行.
NOTIC: [8] Undefined index: site_url D:\wamp\www\chanyeyuan\Admin\App\Common\Common\function.php 第 35 行.
NOTIC: [2] Yar_Client::setOpt(): expects a long integer timeout value D:\wamp\www\chanyeyuan\Admin\ThinkPHP\Library\Org\Api\ServiceProxy.class.php 第 670 行.

[ 2019-04-25T12:56:00+08:00 ] 192.168.0.199 /housing/housing_list?building_id=2&floor=2&unit_num=201&room_num=201-111&area=500.5&decoration_status=1
INFO: [ app_init ] --START--
INFO: Run Behavior\BuildLiteBehavior [ RunTime:0.000017s ]
INFO: [ app_init ] --END-- [ RunTime:0.000645s ]
NOTIC: [8] Use of undefined constant SELLER_ID - assumed 'SELLER_ID' D:\wamp\www\chanyeyuan\Admin\ThinkPHP\Library\Org\Api\ServiceProxy.class.php 第 277 行.
NOTIC: [8] Use of undefined constant SHOP_ID - assumed 'SHOP_ID' D:\wamp\www\chanyeyuan\Admin\ThinkPHP\Library\Org\Api\ServiceProxy.class.php 第 278 行.
NOTIC: [8] Undefined index: site_url D:\wamp\www\chanyeyuan\Admin\App\Common\Common\function.php 第 35 行.
NOTIC: [8] Undefined index: site_url D:\wamp\www\chanyeyuan\Admin\App\Common\Common\function.php 第 35 行.
NOTIC: [2] Yar_Client::setOpt(): expects a long integer timeout value D:\wamp\www\chanyeyuan\Admin\ThinkPHP\Library\Org\Api\ServiceProxy.class.php 第 670 行.
NOTIC: [2] Yar_Client::setOpt(): expects a long integer timeout value D:\wamp\www\chanyeyuan\Admin\ThinkPHP\Library\Org\Api\ServiceProxy.class.php 第 670 行.
NOTIC: [8] Undefined index: site_url D:\wamp\www\chanyeyuan\Admin\App\Common\Common\function.php 第 35 行.
NOTIC: [8] Undefined index: shop_url D:\wamp\www\chanyeyuan\Admin\ThinkPHP\Library\Org\Api\ServiceProxy.class.php 第 403 行.
NOTIC: [8] Undefined index: platform_domain D:\wamp\www\chanyeyuan\Admin\ThinkPHP\Library\Org\Api\ServiceProxy.class.php 第 404 行.
NOTIC: [8] Undefined index: site_url D:\wamp\www\chanyeyuan\Admin\App\Common\Common\function.php 第 35 行.
NOTIC: [8] Undefined index: TOKEN D:\wamp\www\chanyeyuan\Admin\App\Common\Conf\siteInfo.php 第 19 行.
INFO: [ app_begin ] --START--
INFO: Run Behavior\ReadHtmlCacheBehavior [ RunTime:0.000877s ]
INFO: [ app_begin ] --END-- [ RunTime:0.000961s ]
NOTIC: [8] Undefined index: search_type D:\wamp\www\chanyeyuan\Admin\App\Home\Controller\HousingController.class.php 第 30 行.
NOTIC: [8] Undefined index: site_url D:\wamp\www\chanyeyuan\Admin\App\Common\Common\function.php 第 35 行.
NOTIC: [2] Yar_Client::setOpt(): expects a long integer timeout value D:\wamp\www\chanyeyuan\Admin\ThinkPHP\Library\Org\Api\ServiceProxy.class.php 第 670 行.

[ 2019-04-25T12:57:27+08:00 ] 192.168.0.199 /housing/housing_list?building_id=2&floor=2&unit_num=201&room_num=201-111&area=500.5&decoration_status=1
INFO: [ app_init ] --START--
INFO: Run Behavior\BuildLiteBehavior [ RunTime:0.000016s ]
INFO: [ app_init ] --END-- [ RunTime:0.000667s ]
NOTIC: [8] Use of undefined constant SELLER_ID - assumed 'SELLER_ID' D:\wamp\www\chanyeyuan\Admin\ThinkPHP\Library\Org\Api\ServiceProxy.class.php 第 277 行.
NOTIC: [8] Use of undefined constant SHOP_ID - assumed 'SHOP_ID' D:\wamp\www\chanyeyuan\Admin\ThinkPHP\Library\Org\Api\ServiceProxy.class.php 第 278 行.
NOTIC: [8] Undefined index: site_url D:\wamp\www\chanyeyuan\Admin\App\Common\Common\function.php 第 35 行.
NOTIC: [8] Undefined index: site_url D:\wamp\www\chanyeyuan\Admin\App\Common\Common\function.php 第 35 行.
NOTIC: [2] Yar_Client::setOpt(): expects a long integer timeout value D:\wamp\www\chanyeyuan\Admin\ThinkPHP\Library\Org\Api\ServiceProxy.class.php 第 670 行.
NOTIC: [2] Yar_Client::setOpt(): expects a long integer timeout value D:\wamp\www\chanyeyuan\Admin\ThinkPHP\Library\Org\Api\ServiceProxy.class.php 第 670 行.
NOTIC: [8] Undefined index: site_url D:\wamp\www\chanyeyuan\Admin\App\Common\Common\function.php 第 35 行.
NOTIC: [8] Undefined index: shop_url D:\wamp\www\chanyeyuan\Admin\ThinkPHP\Library\Org\Api\ServiceProxy.class.php 第 403 行.
NOTIC: [8] Undefined index: platform_domain D:\wamp\www\chanyeyuan\Admin\ThinkPHP\Library\Org\Api\ServiceProxy.class.php 第 404 行.
NOTIC: [8] Undefined index: site_url D:\wamp\www\chanyeyuan\Admin\App\Common\Common\function.php 第 35 行.
NOTIC: [8] Undefined index: TOKEN D:\wamp\www\chanyeyuan\Admin\App\Common\Conf\siteInfo.php 第 19 行.
INFO: [ app_begin ] --START--
INFO: Run Behavior\ReadHtmlCacheBehavior [ RunTime:0.001245s ]
INFO: [ app_begin ] --END-- [ RunTime:0.001333s ]
NOTIC: [8] Undefined index: search_type D:\wamp\www\chanyeyuan\Admin\App\Home\Controller\HousingController.class.php 第 30 行.
NOTIC: [8] Undefined index: site_url D:\wamp\www\chanyeyuan\Admin\App\Common\Common\function.php 第 35 行.
NOTIC: [2] Yar_Client::setOpt(): expects a long integer timeout value D:\wamp\www\chanyeyuan\Admin\ThinkPHP\Library\Org\Api\ServiceProxy.class.php 第 670 行.

[ 2019-04-25T12:58:10+08:00 ] 192.168.0.199 /housing/housing_list?building_id=2&floor=2&unit_num=201&room_num=201-111&area=500.5&decoration_status=1
INFO: [ app_init ] --START--
INFO: Run Behavior\BuildLiteBehavior [ RunTime:0.000016s ]
INFO: [ app_init ] --END-- [ RunTime:0.000618s ]
NOTIC: [8] Use of undefined constant SELLER_ID - assumed 'SELLER_ID' D:\wamp\www\chanyeyuan\Admin\ThinkPHP\Library\Org\Api\ServiceProxy.class.php 第 277 行.
NOTIC: [8] Use of undefined constant SHOP_ID - assumed 'SHOP_ID' D:\wamp\www\chanyeyuan\Admin\ThinkPHP\Library\Org\Api\ServiceProxy.class.php 第 278 行.
NOTIC: [8] Undefined index: site_url D:\wamp\www\chanyeyuan\Admin\App\Common\Common\function.php 第 35 行.
NOTIC: [8] Undefined index: site_url D:\wamp\www\chanyeyuan\Admin\App\Common\Common\function.php 第 35 行.
NOTIC: [2] Yar_Client::setOpt(): expects a long integer timeout value D:\wamp\www\chanyeyuan\Admin\ThinkPHP\Library\Org\Api\ServiceProxy.class.php 第 670 行.
NOTIC: [2] Yar_Client::setOpt(): expects a long integer timeout value D:\wamp\www\chanyeyuan\Admin\ThinkPHP\Library\Org\Api\ServiceProxy.class.php 第 670 行.
NOTIC: [8] Undefined index: site_url D:\wamp\www\chanyeyuan\Admin\App\Common\Common\function.php 第 35 行.
NOTIC: [8] Undefined index: shop_url D:\wamp\www\chanyeyuan\Admin\ThinkPHP\Library\Org\Api\ServiceProxy.class.php 第 403 行.
NOTIC: [8] Undefined index: platform_domain D:\wamp\www\chanyeyuan\Admin\ThinkPHP\Library\Org\Api\ServiceProxy.class.php 第 404 行.
NOTIC: [8] Undefined index: site_url D:\wamp\www\chanyeyuan\Admin\App\Common\Common\function.php 第 35 行.
NOTIC: [8] Undefined index: TOKEN D:\wamp\www\chanyeyuan\Admin\App\Common\Conf\siteInfo.php 第 19 行.
INFO: [ app_begin ] --START--
INFO: Run Behavior\ReadHtmlCacheBehavior [ RunTime:0.001037s ]
INFO: [ app_begin ] --END-- [ RunTime:0.001119s ]
NOTIC: [8] Undefined index: search_type D:\wamp\www\chanyeyuan\Admin\App\Home\Controller\HousingController.class.php 第 30 行.
NOTIC: [8] Undefined index: site_url D:\wamp\www\chanyeyuan\Admin\App\Common\Common\function.php 第 35 行.
NOTIC: [2] Yar_Client::setOpt(): expects a long integer timeout value D:\wamp\www\chanyeyuan\Admin\ThinkPHP\Library\Org\Api\ServiceProxy.class.php 第 670 行.

